<?xml version="1.0" encoding="UTF-8"?>
<coverage generated="1770708422628" clover="3.2.0">
  <project timestamp="1770708422628" name="All files">
    <metrics statements="314" coveredstatements="312" conditionals="172" coveredconditionals="158" methods="39" coveredmethods="39" elements="525" coveredelements="509" complexity="0" loc="314" ncloc="314" packages="1" files="5" classes="5"/>
    <file name="index.ts" path="/Users/songjun/Workspace/github/JexPath/src/validator/index.ts">
      <metrics statements="4" coveredstatements="4" conditionals="0" coveredconditionals="0" methods="1" coveredmethods="1"/>
      <line num="5" count="76" type="stmt"/>
      <line num="6" count="76" type="stmt"/>
      <line num="7" count="76" type="stmt"/>
      <line num="8" count="76" type="stmt"/>
    </file>
    <file name="lexer.ts" path="/Users/songjun/Workspace/github/JexPath/src/validator/lexer.ts">
      <metrics statements="95" coveredstatements="95" conditionals="42" coveredconditionals="41" methods="7" coveredmethods="7"/>
      <line num="3" count="1" type="stmt"/>
      <line num="23" count="1" type="stmt"/>
      <line num="27" count="76" type="stmt"/>
      <line num="28" count="76" type="stmt"/>
      <line num="29" count="76" type="stmt"/>
      <line num="32" count="76" type="stmt"/>
      <line num="36" count="76" type="stmt"/>
      <line num="37" count="76" type="stmt"/>
      <line num="38" count="1963" type="stmt"/>
      <line num="40" count="1963" type="cond" truecount="2" falsecount="0"/>
      <line num="41" count="708" type="stmt"/>
      <line num="42" count="708" type="stmt"/>
      <line num="45" count="1255" type="cond" truecount="2" falsecount="0"/>
      <line num="46" count="268" type="stmt"/>
      <line num="47" count="268" type="stmt"/>
      <line num="50" count="987" type="cond" truecount="4" falsecount="0"/>
      <line num="51" count="27" type="stmt"/>
      <line num="52" count="27" type="stmt"/>
      <line num="55" count="960" type="cond" truecount="2" falsecount="0"/>
      <line num="56" count="150" type="stmt"/>
      <line num="57" count="150" type="stmt"/>
      <line num="60" count="810" type="cond" truecount="2" falsecount="0"/>
      <line num="61" count="451" type="stmt"/>
      <line num="69" count="451" type="stmt"/>
      <line num="70" count="451" type="stmt"/>
      <line num="74" count="359" type="stmt"/>
      <line num="75" count="359" type="cond" truecount="2" falsecount="0"/>
      <line num="76" count="353" type="stmt"/>
      <line num="77" count="353" type="stmt"/>
      <line num="80" count="6" type="stmt"/>
      <line num="87" count="69" type="stmt"/>
      <line num="96" count="69" type="stmt"/>
      <line num="100" count="2542" type="cond" truecount="2" falsecount="0"/>
      <line num="101" count="1" type="stmt"/>
      <line num="102" count="1" type="stmt"/>
      <line num="104" count="2541" type="stmt"/>
      <line num="106" count="2542" type="stmt"/>
      <line num="110" count="268" type="stmt"/>
      <line num="111" count="268" type="stmt"/>
      <line num="112" count="268" type="stmt"/>
      <line num="113" count="268" type="stmt"/>
      <line num="115" count="268" type="stmt"/>
      <line num="116" count="508" type="stmt"/>
      <line num="117" count="508" type="cond" truecount="2" falsecount="0"/>
      <line num="118" count="269" type="stmt"/>
      <line num="119" count="269" type="stmt"/>
      <line num="120" count="239" type="cond" truecount="4" falsecount="0"/>
      <line num="121" count="1" type="stmt"/>
      <line num="122" count="1" type="stmt"/>
      <line num="123" count="1" type="stmt"/>
      <line num="125" count="238" type="stmt"/>
      <line num="129" count="268" type="cond" truecount="2" falsecount="0"/>
      <line num="130" count="268" type="stmt"/>
      <line num="141" count="27" type="stmt"/>
      <line num="142" count="27" type="stmt"/>
      <line num="143" count="27" type="stmt"/>
      <line num="144" count="27" type="stmt"/>
      <line num="146" count="27" type="stmt"/>
      <line num="147" count="88" type="stmt"/>
      <line num="148" count="88" type="cond" truecount="2" falsecount="0"/>
      <line num="149" count="26" type="stmt"/>
      <line num="150" count="26" type="stmt"/>
      <line num="161" count="62" type="cond" truecount="4" falsecount="0"/>
      <line num="162" count="1" type="stmt"/>
      <line num="163" count="1" type="stmt"/>
      <line num="164" count="1" type="stmt"/>
      <line num="165" count="1" type="stmt"/>
      <line num="168" count="61" type="stmt"/>
      <line num="169" count="61" type="stmt"/>
      <line num="172" count="1" type="stmt"/>
      <line num="176" count="150" type="stmt"/>
      <line num="177" count="150" type="stmt"/>
      <line num="178" count="150" type="stmt"/>
      <line num="180" count="150" type="stmt"/>
      <line num="181" count="772" type="stmt"/>
      <line num="182" count="772" type="cond" truecount="2" falsecount="0"/>
      <line num="183" count="631" type="stmt"/>
      <line num="184" count="631" type="stmt"/>
      <line num="186" count="141" type="stmt"/>
      <line num="190" count="150" type="cond" truecount="4" falsecount="0"/>
      <line num="191" count="121" type="stmt"/>
      <line num="201" count="29" type="stmt"/>
      <line num="212" count="359" type="stmt"/>
      <line num="213" count="359" type="stmt"/>
      <line num="216" count="359" type="cond" truecount="1" falsecount="1"/>
      <line num="217" count="359" type="stmt"/>
      <line num="218" count="359" type="cond" truecount="2" falsecount="0"/>
      <line num="219" count="13" type="stmt"/>
      <line num="220" count="13" type="stmt"/>
      <line num="221" count="13" type="stmt"/>
      <line num="233" count="346" type="stmt"/>
      <line num="234" count="346" type="cond" truecount="2" falsecount="0"/>
      <line num="235" count="340" type="stmt"/>
      <line num="236" count="340" type="stmt"/>
      <line num="246" count="6" type="stmt"/>
    </file>
    <file name="parser.ts" path="/Users/songjun/Workspace/github/JexPath/src/validator/parser.ts">
      <metrics statements="100" coveredstatements="99" conditionals="42" coveredconditionals="41" methods="18" coveredmethods="18"/>
      <line num="16" count="1" type="stmt"/>
      <line num="24" count="1" type="stmt"/>
      <line num="39" count="1" type="stmt"/>
      <line num="43" count="76" type="stmt"/>
      <line num="46" count="76" type="stmt"/>
      <line num="47" count="76" type="stmt"/>
      <line num="51" count="69" type="stmt"/>
      <line num="52" count="69" type="cond" truecount="2" falsecount="0"/>
      <line num="53" count="1" type="stmt"/>
      <line num="59" count="65" type="stmt"/>
      <line num="63" count="12767" type="stmt"/>
      <line num="67" count="1240" type="stmt"/>
      <line num="71" count="5788" type="stmt"/>
      <line num="75" count="5722" type="cond" truecount="2" falsecount="0"/>
      <line num="76" count="5181" type="stmt"/>
      <line num="77" count="5181" type="cond" truecount="2" falsecount="0"/>
      <line num="78" count="2729" type="cond" truecount="4" falsecount="0"/>
      <line num="79" count="1827" type="stmt"/>
      <line num="83" count="330" type="cond" truecount="2" falsecount="0"/>
      <line num="84" count="2" type="stmt"/>
      <line num="92" count="401" type="stmt"/>
      <line num="97" count="508" type="stmt"/>
      <line num="99" count="508" type="cond" truecount="2" falsecount="0"/>
      <line num="100" count="108" type="stmt"/>
      <line num="101" count="108" type="stmt"/>
      <line num="102" count="108" type="stmt"/>
      <line num="103" count="108" type="stmt"/>
      <line num="105" count="108" type="stmt"/>
      <line num="115" count="398" type="stmt"/>
      <line num="119" count="508" type="stmt"/>
      <line num="121" count="508" type="stmt"/>
      <line num="122" count="2" type="stmt"/>
      <line num="123" count="2" type="stmt"/>
      <line num="124" count="2" type="stmt"/>
      <line num="134" count="506" type="stmt"/>
      <line num="138" count="510" type="stmt"/>
      <line num="140" count="510" type="stmt"/>
      <line num="141" count="3" type="stmt"/>
      <line num="142" count="3" type="stmt"/>
      <line num="143" count="3" type="stmt"/>
      <line num="153" count="508" type="stmt"/>
      <line num="157" count="513" type="stmt"/>
      <line num="159" count="513" type="cond" truecount="2" falsecount="0"/>
      <line num="160" count="5" type="stmt"/>
      <line num="161" count="5" type="stmt"/>
      <line num="162" count="5" type="stmt"/>
      <line num="172" count="511" type="stmt"/>
      <line num="176" count="518" type="stmt"/>
      <line num="178" count="518" type="cond" truecount="2" falsecount="0"/>
      <line num="179" count="8" type="stmt"/>
      <line num="180" count="8" type="stmt"/>
      <line num="181" count="8" type="stmt"/>
      <line num="191" count="516" type="stmt"/>
      <line num="195" count="526" type="stmt"/>
      <line num="197" count="526" type="cond" truecount="2" falsecount="0"/>
      <line num="198" count="109" type="stmt"/>
      <line num="199" count="109" type="stmt"/>
      <line num="200" count="109" type="stmt"/>
      <line num="210" count="524" type="stmt"/>
      <line num="214" count="635" type="stmt"/>
      <line num="216" count="635" type="cond" truecount="2" falsecount="0"/>
      <line num="217" count="7" type="stmt"/>
      <line num="218" count="7" type="stmt"/>
      <line num="219" count="7" type="stmt"/>
      <line num="229" count="633" type="stmt"/>
      <line num="233" count="643" type="stmt"/>
      <line num="235" count="643" type="stmt"/>
      <line num="236" count="1" type="stmt"/>
      <line num="237" count="1" type="stmt"/>
      <line num="238" count="1" type="stmt"/>
      <line num="248" count="641" type="stmt"/>
      <line num="252" count="646" type="cond" truecount="2" falsecount="0"/>
      <line num="253" count="3" type="stmt"/>
      <line num="254" count="3" type="stmt"/>
      <line num="255" count="3" type="stmt"/>
      <line num="264" count="643" type="stmt"/>
      <line num="268" count="643" type="stmt"/>
      <line num="270" count="643" type="cond" truecount="6" falsecount="0"/>
      <line num="271" count="413" type="stmt"/>
      <line num="272" count="413" type="stmt"/>
      <line num="281" count="230" type="cond" truecount="2" falsecount="0"/>
      <line num="282" count="25" type="stmt"/>
      <line num="283" count="25" type="stmt"/>
      <line num="286" count="25" type="cond" truecount="2" falsecount="0"/>
      <line num="287" count="18" type="cond" truecount="2" falsecount="0"/>
      <line num="288" count="1" type="stmt"/>
      <line num="295" count="17" type="stmt"/>
      <line num="296" count="17" type="stmt"/>
      <line num="297" count="17" type="cond" truecount="2" falsecount="0"/>
      <line num="298" count="13" type="stmt"/>
      <line num="299" count="19" type="stmt"/>
      <line num="302" count="17" type="stmt"/>
      <line num="304" count="17" type="stmt"/>
      <line num="318" count="7" type="stmt"/>
      <line num="326" count="205" type="cond" truecount="1" falsecount="1"/>
      <line num="327" count="205" type="stmt"/>
      <line num="328" count="205" type="stmt"/>
      <line num="329" count="205" type="stmt"/>
      <line num="339" count="205" type="stmt"/>
      <line num="342" count="0" type="stmt"/>
    </file>
    <file name="semantic.ts" path="/Users/songjun/Workspace/github/JexPath/src/validator/semantic.ts">
      <metrics statements="101" coveredstatements="100" conditionals="86" coveredconditionals="74" methods="11" coveredmethods="11"/>
      <line num="14" count="678" type="cond" truecount="5" falsecount="0"/>
      <line num="16" count="17" type="stmt"/>
      <line num="17" count="17" type="stmt"/>
      <line num="19" count="130" type="stmt"/>
      <line num="20" count="130" type="stmt"/>
      <line num="22" count="5" type="stmt"/>
      <line num="23" count="5" type="stmt"/>
      <line num="25" count="107" type="stmt"/>
      <line num="26" count="107" type="stmt"/>
      <line num="28" count="3" type="stmt"/>
      <line num="29" count="3" type="stmt"/>
      <line num="35" count="17" type="stmt"/>
      <line num="36" count="17" type="stmt"/>
      <line num="39" count="19" type="stmt"/>
      <line num="41" count="17" type="cond" truecount="5" falsecount="0"/>
      <line num="43" count="4" type="cond" truecount="2" falsecount="0"/>
      <line num="44" count="1" type="stmt"/>
      <line num="52" count="3" type="stmt"/>
      <line num="53" count="3" type="stmt"/>
      <line num="56" count="3" type="cond" truecount="2" falsecount="0"/>
      <line num="57" count="1" type="stmt"/>
      <line num="63" count="2" type="stmt"/>
      <line num="64" count="2" type="stmt"/>
      <line num="65" count="2" type="stmt"/>
      <line num="66" count="2" type="stmt"/>
      <line num="69" count="3" type="cond" truecount="2" falsecount="0"/>
      <line num="70" count="1" type="stmt"/>
      <line num="76" count="2" type="stmt"/>
      <line num="77" count="2" type="stmt"/>
      <line num="80" count="4" type="cond" truecount="2" falsecount="0"/>
      <line num="81" count="1" type="stmt"/>
      <line num="87" count="3" type="cond" truecount="2" falsecount="0"/>
      <line num="88" count="2" type="stmt"/>
      <line num="90" count="2" type="stmt"/>
      <line num="93" count="3" type="cond" truecount="2" falsecount="0"/>
      <line num="94" count="1" type="stmt"/>
      <line num="100" count="2" type="stmt"/>
      <line num="101" count="2" type="stmt"/>
      <line num="106" count="130" type="stmt"/>
      <line num="107" count="130" type="stmt"/>
      <line num="109" count="130" type="stmt"/>
      <line num="112" count="130" type="cond" truecount="2" falsecount="0"/>
      <line num="113" count="117" type="stmt"/>
      <line num="114" count="117" type="stmt"/>
      <line num="115" count="13" type="cond" truecount="2" falsecount="0"/>
      <line num="120" count="8" type="stmt"/>
      <line num="121" count="8" type="stmt"/>
      <line num="123" count="8" type="cond" truecount="4" falsecount="0"/>
      <line num="125" count="6" type="cond" truecount="2" falsecount="0"/>
      <line num="126" count="6" type="cond" truecount="2" falsecount="0"/>
      <line num="127" count="6" type="stmt"/>
      <line num="128" count="6" type="stmt"/>
      <line num="130" count="6" type="cond" truecount="4" falsecount="0"/>
      <line num="131" count="2" type="cond" truecount="2" falsecount="2"/>
      <line num="133" count="2" type="stmt"/>
      <line num="138" count="2" type="cond" truecount="2" falsecount="0"/>
      <line num="140" count="1" type="cond" truecount="1" falsecount="1"/>
      <line num="141" count="1" type="stmt"/>
      <line num="147" count="1" type="cond" truecount="1" falsecount="1"/>
      <line num="149" count="1" type="cond" truecount="1" falsecount="1"/>
      <line num="150" count="1" type="stmt"/>
      <line num="157" count="5" type="cond" truecount="1" falsecount="1"/>
      <line num="162" count="5" type="stmt"/>
      <line num="163" count="5" type="stmt"/>
      <line num="165" count="5" type="cond" truecount="3" falsecount="1"/>
      <line num="166" count="5" type="stmt"/>
      <line num="167" count="5" type="stmt"/>
      <line num="169" count="5" type="cond" truecount="2" falsecount="0"/>
      <line num="170" count="1" type="stmt"/>
      <line num="181" count="5" type="stmt"/>
      <line num="182" count="5" type="stmt"/>
      <line num="185" count="5" type="stmt"/>
      <line num="186" count="5" type="stmt"/>
      <line num="190" count="107" type="stmt"/>
      <line num="191" count="107" type="stmt"/>
      <line num="192" count="107" type="stmt"/>
      <line num="195" count="107" type="stmt"/>
      <line num="199" count="3" type="stmt"/>
      <line num="201" count="3" type="cond" truecount="1" falsecount="1"/>
      <line num="202" count="3" type="stmt"/>
      <line num="207" count="364" type="cond" truecount="2" falsecount="0"/>
      <line num="209" count="259" type="stmt"/>
      <line num="211" count="259" type="stmt"/>
      <line num="212" count="259" type="cond" truecount="2" falsecount="0"/>
      <line num="220" count="136" type="cond" truecount="1" falsecount="1"/>
      <line num="221" count="123" type="cond" truecount="2" falsecount="0"/>
      <line num="222" count="9" type="stmt"/>
      <line num="223" count="114" type="cond" truecount="1" falsecount="1"/>
      <line num="224" count="114" type="stmt"/>
      <line num="228" count="389" type="stmt"/>
      <line num="229" count="259" type="stmt"/>
      <line num="231" count="259" type="cond" truecount="2" falsecount="0"/>
      <line num="232" count="12" type="stmt"/>
      <line num="241" count="26" type="cond" truecount="2" falsecount="0"/>
      <line num="242" count="24" type="stmt"/>
      <line num="243" count="24" type="cond" truecount="3" falsecount="1"/>
      <line num="244" count="10" type="cond" truecount="2" falsecount="0"/>
      <line num="245" count="4" type="cond" truecount="1" falsecount="1"/>
      <line num="246" count="0" type="stmt"/>
      <line num="250" count="658" type="cond" truecount="4" falsecount="0"/>
      <line num="251" count="257" type="stmt"/>
    </file>
    <file name="types.ts" path="/Users/songjun/Workspace/github/JexPath/src/validator/types.ts">
      <metrics statements="14" coveredstatements="14" conditionals="2" coveredconditionals="2" methods="2" coveredmethods="2"/>
      <line num="1" count="1" type="cond" truecount="2" falsecount="0"/>
      <line num="2" count="1" type="stmt"/>
      <line num="3" count="1" type="stmt"/>
      <line num="4" count="1" type="stmt"/>
      <line num="5" count="1" type="stmt"/>
      <line num="6" count="1" type="stmt"/>
      <line num="7" count="1" type="stmt"/>
      <line num="8" count="1" type="stmt"/>
      <line num="9" count="1" type="stmt"/>
      <line num="83" count="33" type="stmt"/>
      <line num="84" count="33" type="stmt"/>
      <line num="85" count="33" type="stmt"/>
      <line num="87" count="33" type="stmt"/>
      <line num="88" count="33" type="stmt"/>
    </file>
  </project>
</coverage>
