{"/Users/songjun/Workspace/github/JexPath/src/validator/index.ts": {"path":"/Users/songjun/Workspace/github/JexPath/src/validator/index.ts","statementMap":{"0":{"start":{"line":5,"column":17},"end":{"line":5,"column":null}},"1":{"start":{"line":6,"column":14},"end":{"line":6,"column":null}},"2":{"start":{"line":7,"column":19},"end":{"line":7,"column":null}},"3":{"start":{"line":8,"column":2},"end":{"line":8,"column":null}}},"fnMap":{"0":{"name":"validateSyntax","decl":{"start":{"line":4,"column":16},"end":{"line":4,"column":31}},"loc":{"start":{"line":4,"column":51},"end":{"line":9,"column":null}},"line":4}},"branchMap":{},"s":{"0":76,"1":76,"2":76,"3":76},"f":{"0":76},"b":{},"meta":{"lastBranch":0,"lastFunction":1,"lastStatement":4,"seen":{"f:4:16:4:31":0,"s:5:17:5:Infinity":0,"s:6:14:6:Infinity":1,"s:7:19:7:Infinity":2,"s:8:2:8:Infinity":3}}}
,"/Users/songjun/Workspace/github/JexPath/src/validator/lexer.ts": {"path":"/Users/songjun/Workspace/github/JexPath/src/validator/lexer.ts","statementMap":{"0":{"start":{"line":3,"column":18},"end":{"line":21,"column":null}},"1":{"start":{"line":23,"column":20},"end":{"line":23,"column":null}},"2":{"start":{"line":27,"column":2},"end":{"line":27,"column":null}},"3":{"start":{"line":28,"column":2},"end":{"line":28,"column":null}},"4":{"start":{"line":29,"column":2},"end":{"line":29,"column":null}},"5":{"start":{"line":32,"column":4},"end":{"line":32,"column":null}},"6":{"start":{"line":36,"column":28},"end":{"line":36,"column":null}},"7":{"start":{"line":37,"column":4},"end":{"line":85,"column":null}},"8":{"start":{"line":38,"column":19},"end":{"line":38,"column":null}},"9":{"start":{"line":40,"column":6},"end":{"line":43,"column":null}},"10":{"start":{"line":41,"column":8},"end":{"line":41,"column":null}},"11":{"start":{"line":42,"column":8},"end":{"line":42,"column":null}},"12":{"start":{"line":45,"column":6},"end":{"line":48,"column":null}},"13":{"start":{"line":46,"column":8},"end":{"line":46,"column":null}},"14":{"start":{"line":47,"column":8},"end":{"line":47,"column":null}},"15":{"start":{"line":50,"column":6},"end":{"line":53,"column":null}},"16":{"start":{"line":51,"column":8},"end":{"line":51,"column":null}},"17":{"start":{"line":52,"column":8},"end":{"line":52,"column":null}},"18":{"start":{"line":55,"column":6},"end":{"line":58,"column":null}},"19":{"start":{"line":56,"column":8},"end":{"line":56,"column":null}},"20":{"start":{"line":57,"column":8},"end":{"line":57,"column":null}},"21":{"start":{"line":60,"column":6},"end":{"line":71,"column":null}},"22":{"start":{"line":61,"column":8},"end":{"line":68,"column":null}},"23":{"start":{"line":69,"column":8},"end":{"line":69,"column":null}},"24":{"start":{"line":70,"column":8},"end":{"line":70,"column":null}},"25":{"start":{"line":74,"column":17},"end":{"line":74,"column":null}},"26":{"start":{"line":75,"column":6},"end":{"line":78,"column":null}},"27":{"start":{"line":76,"column":8},"end":{"line":76,"column":null}},"28":{"start":{"line":77,"column":8},"end":{"line":77,"column":null}},"29":{"start":{"line":80,"column":6},"end":{"line":84,"column":null}},"30":{"start":{"line":87,"column":4},"end":{"line":94,"column":null}},"31":{"start":{"line":96,"column":4},"end":{"line":96,"column":null}},"32":{"start":{"line":100,"column":4},"end":{"line":105,"column":null}},"33":{"start":{"line":101,"column":6},"end":{"line":101,"column":null}},"34":{"start":{"line":102,"column":6},"end":{"line":102,"column":null}},"35":{"start":{"line":104,"column":6},"end":{"line":104,"column":null}},"36":{"start":{"line":106,"column":4},"end":{"line":106,"column":null}},"37":{"start":{"line":110,"column":18},"end":{"line":110,"column":null}},"38":{"start":{"line":111,"column":21},"end":{"line":111,"column":null}},"39":{"start":{"line":112,"column":16},"end":{"line":112,"column":null}},"40":{"start":{"line":113,"column":17},"end":{"line":113,"column":null}},"41":{"start":{"line":115,"column":4},"end":{"line":127,"column":null}},"42":{"start":{"line":116,"column":19},"end":{"line":116,"column":null}},"43":{"start":{"line":117,"column":6},"end":{"line":126,"column":null}},"44":{"start":{"line":118,"column":8},"end":{"line":118,"column":null}},"45":{"start":{"line":119,"column":8},"end":{"line":119,"column":null}},"46":{"start":{"line":120,"column":6},"end":{"line":126,"column":null}},"47":{"start":{"line":121,"column":8},"end":{"line":121,"column":null}},"48":{"start":{"line":122,"column":8},"end":{"line":122,"column":null}},"49":{"start":{"line":123,"column":8},"end":{"line":123,"column":null}},"50":{"start":{"line":125,"column":8},"end":{"line":125,"column":null}},"51":{"start":{"line":129,"column":17},"end":{"line":129,"column":null}},"52":{"start":{"line":130,"column":4},"end":{"line":137,"column":null}},"53":{"start":{"line":141,"column":18},"end":{"line":141,"column":null}},"54":{"start":{"line":142,"column":21},"end":{"line":142,"column":null}},"55":{"start":{"line":143,"column":16},"end":{"line":143,"column":null}},"56":{"start":{"line":144,"column":4},"end":{"line":144,"column":null}},"57":{"start":{"line":146,"column":4},"end":{"line":170,"column":null}},"58":{"start":{"line":147,"column":19},"end":{"line":147,"column":null}},"59":{"start":{"line":148,"column":6},"end":{"line":158,"column":null}},"60":{"start":{"line":149,"column":8},"end":{"line":149,"column":null}},"61":{"start":{"line":150,"column":8},"end":{"line":157,"column":null}},"62":{"start":{"line":161,"column":6},"end":{"line":166,"column":null}},"63":{"start":{"line":162,"column":10},"end":{"line":162,"column":null}},"64":{"start":{"line":163,"column":10},"end":{"line":163,"column":null}},"65":{"start":{"line":164,"column":10},"end":{"line":164,"column":null}},"66":{"start":{"line":165,"column":10},"end":{"line":165,"column":null}},"67":{"start":{"line":168,"column":6},"end":{"line":168,"column":null}},"68":{"start":{"line":169,"column":6},"end":{"line":169,"column":null}},"69":{"start":{"line":172,"column":4},"end":{"line":172,"column":null}},"70":{"start":{"line":176,"column":18},"end":{"line":176,"column":null}},"71":{"start":{"line":177,"column":21},"end":{"line":177,"column":null}},"72":{"start":{"line":178,"column":16},"end":{"line":178,"column":null}},"73":{"start":{"line":180,"column":4},"end":{"line":188,"column":null}},"74":{"start":{"line":181,"column":19},"end":{"line":181,"column":null}},"75":{"start":{"line":182,"column":6},"end":{"line":187,"column":null}},"76":{"start":{"line":183,"column":8},"end":{"line":183,"column":null}},"77":{"start":{"line":184,"column":8},"end":{"line":184,"column":null}},"78":{"start":{"line":186,"column":8},"end":{"line":186,"column":null}},"79":{"start":{"line":190,"column":4},"end":{"line":199,"column":null}},"80":{"start":{"line":191,"column":6},"end":{"line":198,"column":null}},"81":{"start":{"line":201,"column":4},"end":{"line":208,"column":null}},"82":{"start":{"line":212,"column":18},"end":{"line":212,"column":null}},"83":{"start":{"line":213,"column":21},"end":{"line":213,"column":null}},"84":{"start":{"line":216,"column":4},"end":{"line":230,"column":null}},"85":{"start":{"line":217,"column":22},"end":{"line":217,"column":null}},"86":{"start":{"line":218,"column":6},"end":{"line":229,"column":null}},"87":{"start":{"line":219,"column":8},"end":{"line":219,"column":null}},"88":{"start":{"line":220,"column":8},"end":{"line":220,"column":null}},"89":{"start":{"line":221,"column":8},"end":{"line":228,"column":null}},"90":{"start":{"line":233,"column":17},"end":{"line":233,"column":null}},"91":{"start":{"line":234,"column":4},"end":{"line":244,"column":null}},"92":{"start":{"line":235,"column":6},"end":{"line":235,"column":null}},"93":{"start":{"line":236,"column":6},"end":{"line":243,"column":null}},"94":{"start":{"line":246,"column":4},"end":{"line":246,"column":null}}},"fnMap":{"0":{"name":"(anonymous_0)","decl":{"start":{"line":31,"column":2},"end":{"line":31,"column":14}},"loc":{"start":{"line":31,"column":29},"end":{"line":33,"column":null}},"line":31},"1":{"name":"(anonymous_1)","decl":{"start":{"line":35,"column":2},"end":{"line":35,"column":22}},"loc":{"start":{"line":35,"column":22},"end":{"line":97,"column":null}},"line":35},"2":{"name":"(anonymous_2)","decl":{"start":{"line":99,"column":10},"end":{"line":99,"column":20}},"loc":{"start":{"line":99,"column":20},"end":{"line":107,"column":null}},"line":99},"3":{"name":"(anonymous_3)","decl":{"start":{"line":109,"column":10},"end":{"line":109,"column":30}},"loc":{"start":{"line":109,"column":30},"end":{"line":138,"column":null}},"line":109},"4":{"name":"(anonymous_4)","decl":{"start":{"line":140,"column":10},"end":{"line":140,"column":21}},"loc":{"start":{"line":140,"column":43},"end":{"line":173,"column":null}},"line":140},"5":{"name":"(anonymous_5)","decl":{"start":{"line":175,"column":10},"end":{"line":175,"column":34}},"loc":{"start":{"line":175,"column":34},"end":{"line":209,"column":null}},"line":175},"6":{"name":"(anonymous_6)","decl":{"start":{"line":211,"column":10},"end":{"line":211,"column":39}},"loc":{"start":{"line":211,"column":39},"end":{"line":247,"column":null}},"line":211}},"branchMap":{"0":{"loc":{"start":{"line":40,"column":6},"end":{"line":43,"column":null}},"type":"if","locations":[{"start":{"line":40,"column":6},"end":{"line":43,"column":null}},{"start":{},"end":{}}],"line":40},"1":{"loc":{"start":{"line":45,"column":6},"end":{"line":48,"column":null}},"type":"if","locations":[{"start":{"line":45,"column":6},"end":{"line":48,"column":null}},{"start":{},"end":{}}],"line":45},"2":{"loc":{"start":{"line":50,"column":6},"end":{"line":53,"column":null}},"type":"if","locations":[{"start":{"line":50,"column":6},"end":{"line":53,"column":null}},{"start":{},"end":{}}],"line":50},"3":{"loc":{"start":{"line":50,"column":10},"end":{"line":50,"column":40}},"type":"binary-expr","locations":[{"start":{"line":50,"column":10},"end":{"line":50,"column":26}},{"start":{"line":50,"column":26},"end":{"line":50,"column":40}}],"line":50},"4":{"loc":{"start":{"line":55,"column":6},"end":{"line":58,"column":null}},"type":"if","locations":[{"start":{"line":55,"column":6},"end":{"line":58,"column":null}},{"start":{},"end":{}}],"line":55},"5":{"loc":{"start":{"line":60,"column":6},"end":{"line":71,"column":null}},"type":"if","locations":[{"start":{"line":60,"column":6},"end":{"line":71,"column":null}},{"start":{},"end":{}}],"line":60},"6":{"loc":{"start":{"line":75,"column":6},"end":{"line":78,"column":null}},"type":"if","locations":[{"start":{"line":75,"column":6},"end":{"line":78,"column":null}},{"start":{},"end":{}}],"line":75},"7":{"loc":{"start":{"line":100,"column":4},"end":{"line":105,"column":null}},"type":"if","locations":[{"start":{"line":100,"column":4},"end":{"line":105,"column":null}},{"start":{"line":103,"column":11},"end":{"line":105,"column":null}}],"line":100},"8":{"loc":{"start":{"line":117,"column":6},"end":{"line":126,"column":null}},"type":"if","locations":[{"start":{"line":117,"column":6},"end":{"line":126,"column":null}},{"start":{"line":120,"column":6},"end":{"line":126,"column":null}}],"line":117},"9":{"loc":{"start":{"line":120,"column":6},"end":{"line":126,"column":null}},"type":"if","locations":[{"start":{"line":120,"column":6},"end":{"line":126,"column":null}},{"start":{"line":124,"column":13},"end":{"line":126,"column":null}}],"line":120},"10":{"loc":{"start":{"line":120,"column":17},"end":{"line":120,"column":42}},"type":"binary-expr","locations":[{"start":{"line":120,"column":17},"end":{"line":120,"column":33}},{"start":{"line":120,"column":33},"end":{"line":120,"column":42}}],"line":120},"11":{"loc":{"start":{"line":129,"column":17},"end":{"line":129,"column":null}},"type":"cond-expr","locations":[{"start":{"line":129,"column":26},"end":{"line":129,"column":44}},{"start":{"line":129,"column":44},"end":{"line":129,"column":null}}],"line":129},"12":{"loc":{"start":{"line":148,"column":6},"end":{"line":158,"column":null}},"type":"if","locations":[{"start":{"line":148,"column":6},"end":{"line":158,"column":null}},{"start":{},"end":{}}],"line":148},"13":{"loc":{"start":{"line":161,"column":6},"end":{"line":166,"column":null}},"type":"if","locations":[{"start":{"line":161,"column":6},"end":{"line":166,"column":null}},{"start":{},"end":{}}],"line":161},"14":{"loc":{"start":{"line":161,"column":10},"end":{"line":161,"column":63}},"type":"binary-expr","locations":[{"start":{"line":161,"column":10},"end":{"line":161,"column":27}},{"start":{"line":161,"column":27},"end":{"line":161,"column":63}}],"line":161},"15":{"loc":{"start":{"line":182,"column":6},"end":{"line":187,"column":null}},"type":"if","locations":[{"start":{"line":182,"column":6},"end":{"line":187,"column":null}},{"start":{"line":185,"column":13},"end":{"line":187,"column":null}}],"line":182},"16":{"loc":{"start":{"line":190,"column":4},"end":{"line":199,"column":null}},"type":"if","locations":[{"start":{"line":190,"column":4},"end":{"line":199,"column":null}},{"start":{},"end":{}}],"line":190},"17":{"loc":{"start":{"line":190,"column":8},"end":{"line":190,"column":47}},"type":"binary-expr","locations":[{"start":{"line":190,"column":8},"end":{"line":190,"column":28}},{"start":{"line":190,"column":28},"end":{"line":190,"column":47}}],"line":190},"18":{"loc":{"start":{"line":216,"column":4},"end":{"line":230,"column":null}},"type":"if","locations":[{"start":{"line":216,"column":4},"end":{"line":230,"column":null}},{"start":{},"end":{}}],"line":216},"19":{"loc":{"start":{"line":218,"column":6},"end":{"line":229,"column":null}},"type":"if","locations":[{"start":{"line":218,"column":6},"end":{"line":229,"column":null}},{"start":{},"end":{}}],"line":218},"20":{"loc":{"start":{"line":234,"column":4},"end":{"line":244,"column":null}},"type":"if","locations":[{"start":{"line":234,"column":4},"end":{"line":244,"column":null}},{"start":{},"end":{}}],"line":234}},"s":{"0":1,"1":1,"2":76,"3":76,"4":76,"5":76,"6":76,"7":76,"8":1963,"9":1963,"10":708,"11":708,"12":1255,"13":268,"14":268,"15":987,"16":27,"17":27,"18":960,"19":150,"20":150,"21":810,"22":451,"23":451,"24":451,"25":359,"26":359,"27":353,"28":353,"29":6,"30":69,"31":69,"32":2542,"33":1,"34":1,"35":2541,"36":2542,"37":268,"38":268,"39":268,"40":268,"41":268,"42":508,"43":508,"44":269,"45":269,"46":239,"47":1,"48":1,"49":1,"50":238,"51":268,"52":268,"53":27,"54":27,"55":27,"56":27,"57":27,"58":88,"59":88,"60":26,"61":26,"62":62,"63":1,"64":1,"65":1,"66":1,"67":61,"68":61,"69":1,"70":150,"71":150,"72":150,"73":150,"74":772,"75":772,"76":631,"77":631,"78":141,"79":150,"80":121,"81":29,"82":359,"83":359,"84":359,"85":359,"86":359,"87":13,"88":13,"89":13,"90":346,"91":346,"92":340,"93":340,"94":6},"f":{"0":76,"1":76,"2":2542,"3":268,"4":27,"5":150,"6":359},"b":{"0":[708,1255],"1":[268,987],"2":[27,960],"3":[987,986],"4":[150,810],"5":[451,359],"6":[353,6],"7":[1,2541],"8":[269,239],"9":[1,238],"10":[239,1],"11":[1,267],"12":[26,62],"13":[1,61],"14":[62,1],"15":[631,141],"16":[121,29],"17":[150,35],"18":[359,0],"19":[13,346],"20":[340,6]},"meta":{"lastBranch":21,"lastFunction":7,"lastStatement":95,"seen":{"s:3:18:21:Infinity":0,"s:23:20:23:Infinity":1,"f:31:2:31:14":0,"s:27:2:27:Infinity":2,"s:28:2:28:Infinity":3,"s:29:2:29:Infinity":4,"s:32:4:32:Infinity":5,"f:35:2:35:22":1,"s:36:28:36:Infinity":6,"s:37:4:85:Infinity":7,"s:38:19:38:Infinity":8,"b:40:6:43:Infinity:undefined:undefined:undefined:undefined":0,"s:40:6:43:Infinity":9,"s:41:8:41:Infinity":10,"s:42:8:42:Infinity":11,"b:45:6:48:Infinity:undefined:undefined:undefined:undefined":1,"s:45:6:48:Infinity":12,"s:46:8:46:Infinity":13,"s:47:8:47:Infinity":14,"b:50:6:53:Infinity:undefined:undefined:undefined:undefined":2,"s:50:6:53:Infinity":15,"b:50:10:50:26:50:26:50:40":3,"s:51:8:51:Infinity":16,"s:52:8:52:Infinity":17,"b:55:6:58:Infinity:undefined:undefined:undefined:undefined":4,"s:55:6:58:Infinity":18,"s:56:8:56:Infinity":19,"s:57:8:57:Infinity":20,"b:60:6:71:Infinity:undefined:undefined:undefined:undefined":5,"s:60:6:71:Infinity":21,"s:61:8:68:Infinity":22,"s:69:8:69:Infinity":23,"s:70:8:70:Infinity":24,"s:74:17:74:Infinity":25,"b:75:6:78:Infinity:undefined:undefined:undefined:undefined":6,"s:75:6:78:Infinity":26,"s:76:8:76:Infinity":27,"s:77:8:77:Infinity":28,"s:80:6:84:Infinity":29,"s:87:4:94:Infinity":30,"s:96:4:96:Infinity":31,"f:99:10:99:20":2,"b:100:4:105:Infinity:103:11:105:Infinity":7,"s:100:4:105:Infinity":32,"s:101:6:101:Infinity":33,"s:102:6:102:Infinity":34,"s:104:6:104:Infinity":35,"s:106:4:106:Infinity":36,"f:109:10:109:30":3,"s:110:18:110:Infinity":37,"s:111:21:111:Infinity":38,"s:112:16:112:Infinity":39,"s:113:17:113:Infinity":40,"s:115:4:127:Infinity":41,"s:116:19:116:Infinity":42,"b:117:6:126:Infinity:120:6:126:Infinity":8,"s:117:6:126:Infinity":43,"s:118:8:118:Infinity":44,"s:119:8:119:Infinity":45,"b:120:6:126:Infinity:124:13:126:Infinity":9,"s:120:6:126:Infinity":46,"b:120:17:120:33:120:33:120:42":10,"s:121:8:121:Infinity":47,"s:122:8:122:Infinity":48,"s:123:8:123:Infinity":49,"s:125:8:125:Infinity":50,"s:129:17:129:Infinity":51,"b:129:26:129:44:129:44:129:Infinity":11,"s:130:4:137:Infinity":52,"f:140:10:140:21":4,"s:141:18:141:Infinity":53,"s:142:21:142:Infinity":54,"s:143:16:143:Infinity":55,"s:144:4:144:Infinity":56,"s:146:4:170:Infinity":57,"s:147:19:147:Infinity":58,"b:148:6:158:Infinity:undefined:undefined:undefined:undefined":12,"s:148:6:158:Infinity":59,"s:149:8:149:Infinity":60,"s:150:8:157:Infinity":61,"b:161:6:166:Infinity:undefined:undefined:undefined:undefined":13,"s:161:6:166:Infinity":62,"b:161:10:161:27:161:27:161:63":14,"s:162:10:162:Infinity":63,"s:163:10:163:Infinity":64,"s:164:10:164:Infinity":65,"s:165:10:165:Infinity":66,"s:168:6:168:Infinity":67,"s:169:6:169:Infinity":68,"s:172:4:172:Infinity":69,"f:175:10:175:34":5,"s:176:18:176:Infinity":70,"s:177:21:177:Infinity":71,"s:178:16:178:Infinity":72,"s:180:4:188:Infinity":73,"s:181:19:181:Infinity":74,"b:182:6:187:Infinity:185:13:187:Infinity":15,"s:182:6:187:Infinity":75,"s:183:8:183:Infinity":76,"s:184:8:184:Infinity":77,"s:186:8:186:Infinity":78,"b:190:4:199:Infinity:undefined:undefined:undefined:undefined":16,"s:190:4:199:Infinity":79,"b:190:8:190:28:190:28:190:47":17,"s:191:6:198:Infinity":80,"s:201:4:208:Infinity":81,"f:211:10:211:39":6,"s:212:18:212:Infinity":82,"s:213:21:213:Infinity":83,"b:216:4:230:Infinity:undefined:undefined:undefined:undefined":18,"s:216:4:230:Infinity":84,"s:217:22:217:Infinity":85,"b:218:6:229:Infinity:undefined:undefined:undefined:undefined":19,"s:218:6:229:Infinity":86,"s:219:8:219:Infinity":87,"s:220:8:220:Infinity":88,"s:221:8:228:Infinity":89,"s:233:17:233:Infinity":90,"b:234:4:244:Infinity:undefined:undefined:undefined:undefined":20,"s:234:4:244:Infinity":91,"s:235:6:235:Infinity":92,"s:236:6:243:Infinity":93,"s:246:4:246:Infinity":94}}}
,"/Users/songjun/Workspace/github/JexPath/src/validator/parser.ts": {"path":"/Users/songjun/Workspace/github/JexPath/src/validator/parser.ts","statementMap":{"0":{"start":{"line":16,"column":26},"end":{"line":22,"column":null}},"1":{"start":{"line":24,"column":27},"end":{"line":37,"column":null}},"2":{"start":{"line":39,"column":28},"end":{"line":39,"column":null}},"3":{"start":{"line":43,"column":2},"end":{"line":43,"column":null}},"4":{"start":{"line":46,"column":18},"end":{"line":46,"column":null}},"5":{"start":{"line":47,"column":4},"end":{"line":47,"column":null}},"6":{"start":{"line":51,"column":17},"end":{"line":51,"column":null}},"7":{"start":{"line":52,"column":4},"end":{"line":58,"column":null}},"8":{"start":{"line":53,"column":6},"end":{"line":57,"column":null}},"9":{"start":{"line":59,"column":4},"end":{"line":59,"column":null}},"10":{"start":{"line":63,"column":4},"end":{"line":63,"column":null}},"11":{"start":{"line":67,"column":4},"end":{"line":67,"column":null}},"12":{"start":{"line":71,"column":4},"end":{"line":71,"column":null}},"13":{"start":{"line":75,"column":4},"end":{"line":75,"column":null}},"14":{"start":{"line":75,"column":24},"end":{"line":75,"column":null}},"15":{"start":{"line":76,"column":18},"end":{"line":76,"column":null}},"16":{"start":{"line":77,"column":4},"end":{"line":77,"column":null}},"17":{"start":{"line":77,"column":29},"end":{"line":77,"column":null}},"18":{"start":{"line":78,"column":4},"end":{"line":78,"column":null}},"19":{"start":{"line":78,"column":54},"end":{"line":78,"column":null}},"20":{"start":{"line":79,"column":4},"end":{"line":79,"column":null}},"21":{"start":{"line":83,"column":4},"end":{"line":83,"column":null}},"22":{"start":{"line":83,"column":33},"end":{"line":83,"column":null}},"23":{"start":{"line":84,"column":4},"end":{"line":88,"column":null}},"24":{"start":{"line":92,"column":4},"end":{"line":92,"column":null}},"25":{"start":{"line":97,"column":17},"end":{"line":97,"column":null}},"26":{"start":{"line":99,"column":4},"end":{"line":113,"column":null}},"27":{"start":{"line":100,"column":17},"end":{"line":100,"column":null}},"28":{"start":{"line":101,"column":23},"end":{"line":101,"column":null}},"29":{"start":{"line":102,"column":6},"end":{"line":102,"column":null}},"30":{"start":{"line":103,"column":24},"end":{"line":103,"column":null}},"31":{"start":{"line":105,"column":6},"end":{"line":112,"column":null}},"32":{"start":{"line":115,"column":4},"end":{"line":115,"column":null}},"33":{"start":{"line":119,"column":15},"end":{"line":119,"column":null}},"34":{"start":{"line":121,"column":4},"end":{"line":132,"column":null}},"35":{"start":{"line":122,"column":17},"end":{"line":122,"column":null}},"36":{"start":{"line":123,"column":20},"end":{"line":123,"column":null}},"37":{"start":{"line":124,"column":6},"end":{"line":131,"column":null}},"38":{"start":{"line":134,"column":4},"end":{"line":134,"column":null}},"39":{"start":{"line":138,"column":15},"end":{"line":138,"column":null}},"40":{"start":{"line":140,"column":4},"end":{"line":151,"column":null}},"41":{"start":{"line":141,"column":17},"end":{"line":141,"column":null}},"42":{"start":{"line":142,"column":20},"end":{"line":142,"column":null}},"43":{"start":{"line":143,"column":6},"end":{"line":150,"column":null}},"44":{"start":{"line":153,"column":4},"end":{"line":153,"column":null}},"45":{"start":{"line":157,"column":15},"end":{"line":157,"column":null}},"46":{"start":{"line":159,"column":4},"end":{"line":170,"column":null}},"47":{"start":{"line":160,"column":17},"end":{"line":160,"column":null}},"48":{"start":{"line":161,"column":20},"end":{"line":161,"column":null}},"49":{"start":{"line":162,"column":6},"end":{"line":169,"column":null}},"50":{"start":{"line":172,"column":4},"end":{"line":172,"column":null}},"51":{"start":{"line":176,"column":15},"end":{"line":176,"column":null}},"52":{"start":{"line":178,"column":4},"end":{"line":189,"column":null}},"53":{"start":{"line":179,"column":17},"end":{"line":179,"column":null}},"54":{"start":{"line":180,"column":20},"end":{"line":180,"column":null}},"55":{"start":{"line":181,"column":6},"end":{"line":188,"column":null}},"56":{"start":{"line":191,"column":4},"end":{"line":191,"column":null}},"57":{"start":{"line":195,"column":15},"end":{"line":195,"column":null}},"58":{"start":{"line":197,"column":4},"end":{"line":208,"column":null}},"59":{"start":{"line":198,"column":17},"end":{"line":198,"column":null}},"60":{"start":{"line":199,"column":20},"end":{"line":199,"column":null}},"61":{"start":{"line":200,"column":6},"end":{"line":207,"column":null}},"62":{"start":{"line":210,"column":4},"end":{"line":210,"column":null}},"63":{"start":{"line":214,"column":15},"end":{"line":214,"column":null}},"64":{"start":{"line":216,"column":4},"end":{"line":227,"column":null}},"65":{"start":{"line":217,"column":17},"end":{"line":217,"column":null}},"66":{"start":{"line":218,"column":20},"end":{"line":218,"column":null}},"67":{"start":{"line":219,"column":6},"end":{"line":226,"column":null}},"68":{"start":{"line":229,"column":4},"end":{"line":229,"column":null}},"69":{"start":{"line":233,"column":15},"end":{"line":233,"column":null}},"70":{"start":{"line":235,"column":4},"end":{"line":246,"column":null}},"71":{"start":{"line":236,"column":17},"end":{"line":236,"column":null}},"72":{"start":{"line":237,"column":20},"end":{"line":237,"column":null}},"73":{"start":{"line":238,"column":6},"end":{"line":245,"column":null}},"74":{"start":{"line":248,"column":4},"end":{"line":248,"column":null}},"75":{"start":{"line":252,"column":4},"end":{"line":262,"column":null}},"76":{"start":{"line":253,"column":17},"end":{"line":253,"column":null}},"77":{"start":{"line":254,"column":18},"end":{"line":254,"column":null}},"78":{"start":{"line":255,"column":6},"end":{"line":261,"column":null}},"79":{"start":{"line":264,"column":4},"end":{"line":264,"column":null}},"80":{"start":{"line":268,"column":18},"end":{"line":268,"column":null}},"81":{"start":{"line":270,"column":4},"end":{"line":279,"column":null}},"82":{"start":{"line":271,"column":6},"end":{"line":271,"column":null}},"83":{"start":{"line":272,"column":6},"end":{"line":278,"column":null}},"84":{"start":{"line":281,"column":4},"end":{"line":324,"column":null}},"85":{"start":{"line":282,"column":19},"end":{"line":282,"column":null}},"86":{"start":{"line":283,"column":6},"end":{"line":283,"column":null}},"87":{"start":{"line":286,"column":6},"end":{"line":316,"column":null}},"88":{"start":{"line":287,"column":8},"end":{"line":293,"column":null}},"89":{"start":{"line":288,"column":10},"end":{"line":292,"column":null}},"90":{"start":{"line":295,"column":8},"end":{"line":295,"column":null}},"91":{"start":{"line":296,"column":29},"end":{"line":296,"column":null}},"92":{"start":{"line":297,"column":8},"end":{"line":301,"column":null}},"93":{"start":{"line":298,"column":10},"end":{"line":300,"column":null}},"94":{"start":{"line":299,"column":12},"end":{"line":299,"column":null}},"95":{"start":{"line":302,"column":29},"end":{"line":302,"column":null}},"96":{"start":{"line":304,"column":8},"end":{"line":315,"column":null}},"97":{"start":{"line":318,"column":6},"end":{"line":323,"column":null}},"98":{"start":{"line":326,"column":4},"end":{"line":340,"column":null}},"99":{"start":{"line":327,"column":25},"end":{"line":327,"column":null}},"100":{"start":{"line":328,"column":19},"end":{"line":328,"column":null}},"101":{"start":{"line":329,"column":23},"end":{"line":329,"column":null}},"102":{"start":{"line":339,"column":6},"end":{"line":339,"column":null}},"103":{"start":{"line":342,"column":4},"end":{"line":346,"column":null}}},"fnMap":{"0":{"name":"(anonymous_0)","decl":{"start":{"line":45,"column":2},"end":{"line":45,"column":14}},"loc":{"start":{"line":45,"column":29},"end":{"line":48,"column":null}},"line":45},"1":{"name":"(anonymous_1)","decl":{"start":{"line":50,"column":2},"end":{"line":50,"column":16}},"loc":{"start":{"line":50,"column":16},"end":{"line":60,"column":null}},"line":50},"2":{"name":"(anonymous_2)","decl":{"start":{"line":62,"column":10},"end":{"line":62,"column":24}},"loc":{"start":{"line":62,"column":24},"end":{"line":64,"column":null}},"line":62},"3":{"name":"(anonymous_3)","decl":{"start":{"line":66,"column":10},"end":{"line":66,"column":27}},"loc":{"start":{"line":66,"column":27},"end":{"line":68,"column":null}},"line":66},"4":{"name":"(anonymous_4)","decl":{"start":{"line":70,"column":10},"end":{"line":70,"column":29}},"loc":{"start":{"line":70,"column":29},"end":{"line":72,"column":null}},"line":70},"5":{"name":"(anonymous_5)","decl":{"start":{"line":74,"column":10},"end":{"line":74,"column":16}},"loc":{"start":{"line":74,"column":58},"end":{"line":80,"column":null}},"line":74},"6":{"name":"(anonymous_6)","decl":{"start":{"line":82,"column":10},"end":{"line":82,"column":23}},"loc":{"start":{"line":82,"column":79},"end":{"line":89,"column":null}},"line":82},"7":{"name":"(anonymous_7)","decl":{"start":{"line":91,"column":10},"end":{"line":91,"column":34}},"loc":{"start":{"line":91,"column":34},"end":{"line":93,"column":null}},"line":91},"8":{"name":"(anonymous_8)","decl":{"start":{"line":96,"column":10},"end":{"line":96,"column":35}},"loc":{"start":{"line":96,"column":35},"end":{"line":116,"column":null}},"line":96},"9":{"name":"(anonymous_9)","decl":{"start":{"line":118,"column":10},"end":{"line":118,"column":33}},"loc":{"start":{"line":118,"column":33},"end":{"line":135,"column":null}},"line":118},"10":{"name":"(anonymous_10)","decl":{"start":{"line":137,"column":10},"end":{"line":137,"column":34}},"loc":{"start":{"line":137,"column":34},"end":{"line":154,"column":null}},"line":137},"11":{"name":"(anonymous_11)","decl":{"start":{"line":156,"column":10},"end":{"line":156,"column":32}},"loc":{"start":{"line":156,"column":32},"end":{"line":173,"column":null}},"line":156},"12":{"name":"(anonymous_12)","decl":{"start":{"line":175,"column":10},"end":{"line":175,"column":34}},"loc":{"start":{"line":175,"column":34},"end":{"line":192,"column":null}},"line":175},"13":{"name":"(anonymous_13)","decl":{"start":{"line":194,"column":10},"end":{"line":194,"column":32}},"loc":{"start":{"line":194,"column":32},"end":{"line":211,"column":null}},"line":194},"14":{"name":"(anonymous_14)","decl":{"start":{"line":213,"column":10},"end":{"line":213,"column":38}},"loc":{"start":{"line":213,"column":38},"end":{"line":230,"column":null}},"line":213},"15":{"name":"(anonymous_15)","decl":{"start":{"line":232,"column":10},"end":{"line":232,"column":38}},"loc":{"start":{"line":232,"column":38},"end":{"line":249,"column":null}},"line":232},"16":{"name":"(anonymous_16)","decl":{"start":{"line":251,"column":10},"end":{"line":251,"column":29}},"loc":{"start":{"line":251,"column":29},"end":{"line":265,"column":null}},"line":251},"17":{"name":"(anonymous_17)","decl":{"start":{"line":267,"column":10},"end":{"line":267,"column":31}},"loc":{"start":{"line":267,"column":31},"end":{"line":347,"column":null}},"line":267}},"branchMap":{"0":{"loc":{"start":{"line":52,"column":4},"end":{"line":58,"column":null}},"type":"if","locations":[{"start":{"line":52,"column":4},"end":{"line":58,"column":null}},{"start":{},"end":{}}],"line":52},"1":{"loc":{"start":{"line":75,"column":4},"end":{"line":75,"column":null}},"type":"if","locations":[{"start":{"line":75,"column":4},"end":{"line":75,"column":null}},{"start":{},"end":{}}],"line":75},"2":{"loc":{"start":{"line":77,"column":4},"end":{"line":77,"column":null}},"type":"if","locations":[{"start":{"line":77,"column":4},"end":{"line":77,"column":null}},{"start":{},"end":{}}],"line":77},"3":{"loc":{"start":{"line":78,"column":4},"end":{"line":78,"column":null}},"type":"if","locations":[{"start":{"line":78,"column":4},"end":{"line":78,"column":null}},{"start":{},"end":{}}],"line":78},"4":{"loc":{"start":{"line":78,"column":8},"end":{"line":78,"column":54}},"type":"binary-expr","locations":[{"start":{"line":78,"column":8},"end":{"line":78,"column":31}},{"start":{"line":78,"column":31},"end":{"line":78,"column":54}}],"line":78},"5":{"loc":{"start":{"line":83,"column":4},"end":{"line":83,"column":null}},"type":"if","locations":[{"start":{"line":83,"column":4},"end":{"line":83,"column":null}},{"start":{},"end":{}}],"line":83},"6":{"loc":{"start":{"line":99,"column":4},"end":{"line":113,"column":null}},"type":"if","locations":[{"start":{"line":99,"column":4},"end":{"line":113,"column":null}},{"start":{},"end":{}}],"line":99},"7":{"loc":{"start":{"line":159,"column":11},"end":{"line":159,"column":97}},"type":"binary-expr","locations":[{"start":{"line":159,"column":11},"end":{"line":159,"column":45}},{"start":{"line":159,"column":45},"end":{"line":159,"column":97}}],"line":159},"8":{"loc":{"start":{"line":178,"column":11},"end":{"line":178,"column":107}},"type":"binary-expr","locations":[{"start":{"line":178,"column":11},"end":{"line":178,"column":45}},{"start":{"line":178,"column":45},"end":{"line":178,"column":107}}],"line":178},"9":{"loc":{"start":{"line":197,"column":11},"end":{"line":197,"column":95}},"type":"binary-expr","locations":[{"start":{"line":197,"column":11},"end":{"line":197,"column":45}},{"start":{"line":197,"column":45},"end":{"line":197,"column":95}}],"line":197},"10":{"loc":{"start":{"line":216,"column":11},"end":{"line":216,"column":100}},"type":"binary-expr","locations":[{"start":{"line":216,"column":11},"end":{"line":216,"column":45}},{"start":{"line":216,"column":45},"end":{"line":216,"column":100}}],"line":216},"11":{"loc":{"start":{"line":252,"column":4},"end":{"line":262,"column":null}},"type":"if","locations":[{"start":{"line":252,"column":4},"end":{"line":262,"column":null}},{"start":{},"end":{}}],"line":252},"12":{"loc":{"start":{"line":270,"column":4},"end":{"line":279,"column":null}},"type":"if","locations":[{"start":{"line":270,"column":4},"end":{"line":279,"column":null}},{"start":{},"end":{}}],"line":270},"13":{"loc":{"start":{"line":270,"column":8},"end":{"line":270,"column":147}},"type":"binary-expr","locations":[{"start":{"line":270,"column":8},"end":{"line":270,"column":44}},{"start":{"line":270,"column":44},"end":{"line":270,"column":78}},{"start":{"line":270,"column":78},"end":{"line":270,"column":113}},{"start":{"line":270,"column":113},"end":{"line":270,"column":147}}],"line":270},"14":{"loc":{"start":{"line":281,"column":4},"end":{"line":324,"column":null}},"type":"if","locations":[{"start":{"line":281,"column":4},"end":{"line":324,"column":null}},{"start":{},"end":{}}],"line":281},"15":{"loc":{"start":{"line":286,"column":6},"end":{"line":316,"column":null}},"type":"if","locations":[{"start":{"line":286,"column":6},"end":{"line":316,"column":null}},{"start":{},"end":{}}],"line":286},"16":{"loc":{"start":{"line":287,"column":8},"end":{"line":293,"column":null}},"type":"if","locations":[{"start":{"line":287,"column":8},"end":{"line":293,"column":null}},{"start":{},"end":{}}],"line":287},"17":{"loc":{"start":{"line":297,"column":8},"end":{"line":301,"column":null}},"type":"if","locations":[{"start":{"line":297,"column":8},"end":{"line":301,"column":null}},{"start":{},"end":{}}],"line":297},"18":{"loc":{"start":{"line":300,"column":19},"end":{"line":300,"column":null}},"type":"binary-expr","locations":[{"start":{"line":300,"column":19},"end":{"line":300,"column":61}},{"start":{"line":300,"column":61},"end":{"line":300,"column":null}}],"line":300},"19":{"loc":{"start":{"line":326,"column":4},"end":{"line":340,"column":null}},"type":"if","locations":[{"start":{"line":326,"column":4},"end":{"line":340,"column":null}},{"start":{},"end":{}}],"line":326}},"s":{"0":1,"1":1,"2":1,"3":76,"4":76,"5":76,"6":69,"7":69,"8":1,"9":65,"10":12767,"11":1240,"12":5788,"13":5722,"14":541,"15":5181,"16":5181,"17":2452,"18":2729,"19":902,"20":1827,"21":330,"22":328,"23":2,"24":401,"25":508,"26":508,"27":108,"28":108,"29":108,"30":108,"31":108,"32":398,"33":508,"34":508,"35":2,"36":2,"37":2,"38":506,"39":510,"40":510,"41":3,"42":3,"43":3,"44":508,"45":513,"46":513,"47":5,"48":5,"49":5,"50":511,"51":518,"52":518,"53":8,"54":8,"55":8,"56":516,"57":526,"58":526,"59":109,"60":109,"61":109,"62":524,"63":635,"64":635,"65":7,"66":7,"67":7,"68":633,"69":643,"70":643,"71":1,"72":1,"73":1,"74":641,"75":646,"76":3,"77":3,"78":3,"79":643,"80":643,"81":643,"82":413,"83":413,"84":230,"85":25,"86":25,"87":25,"88":18,"89":1,"90":17,"91":17,"92":17,"93":13,"94":19,"95":17,"96":17,"97":7,"98":205,"99":205,"100":205,"101":205,"102":205,"103":0},"f":{"0":76,"1":69,"2":12767,"3":1240,"4":5788,"5":5722,"6":330,"7":401,"8":508,"9":508,"10":510,"11":513,"12":518,"13":526,"14":635,"15":643,"16":646,"17":643},"b":{"0":[1,68],"1":[541,5181],"2":[2452,2729],"3":[902,1827],"4":[2729,1580],"5":[328,2],"6":[108,400],"7":[513,225],"8":[518,233],"9":[526,342],"10":[635,349],"11":[3,643],"12":[413,230],"13":[643,378,377,351],"14":[25,205],"15":[18,7],"16":[1,17],"17":[13,4],"18":[13,6],"19":[205,0]},"meta":{"lastBranch":20,"lastFunction":18,"lastStatement":104,"seen":{"s:16:26:22:Infinity":0,"s:24:27:37:Infinity":1,"s:39:28:39:Infinity":2,"f:45:2:45:14":0,"s:43:2:43:Infinity":3,"s:46:18:46:Infinity":4,"s:47:4:47:Infinity":5,"f:50:2:50:16":1,"s:51:17:51:Infinity":6,"b:52:4:58:Infinity:undefined:undefined:undefined:undefined":0,"s:52:4:58:Infinity":7,"s:53:6:57:Infinity":8,"s:59:4:59:Infinity":9,"f:62:10:62:24":2,"s:63:4:63:Infinity":10,"f:66:10:66:27":3,"s:67:4:67:Infinity":11,"f:70:10:70:29":4,"s:71:4:71:Infinity":12,"f:74:10:74:16":5,"b:75:4:75:Infinity:undefined:undefined:undefined:undefined":1,"s:75:4:75:Infinity":13,"s:75:24:75:Infinity":14,"s:76:18:76:Infinity":15,"b:77:4:77:Infinity:undefined:undefined:undefined:undefined":2,"s:77:4:77:Infinity":16,"s:77:29:77:Infinity":17,"b:78:4:78:Infinity:undefined:undefined:undefined:undefined":3,"s:78:4:78:Infinity":18,"b:78:8:78:31:78:31:78:54":4,"s:78:54:78:Infinity":19,"s:79:4:79:Infinity":20,"f:82:10:82:23":6,"b:83:4:83:Infinity:undefined:undefined:undefined:undefined":5,"s:83:4:83:Infinity":21,"s:83:33:83:Infinity":22,"s:84:4:88:Infinity":23,"f:91:10:91:34":7,"s:92:4:92:Infinity":24,"f:96:10:96:35":8,"s:97:17:97:Infinity":25,"b:99:4:113:Infinity:undefined:undefined:undefined:undefined":6,"s:99:4:113:Infinity":26,"s:100:17:100:Infinity":27,"s:101:23:101:Infinity":28,"s:102:6:102:Infinity":29,"s:103:24:103:Infinity":30,"s:105:6:112:Infinity":31,"s:115:4:115:Infinity":32,"f:118:10:118:33":9,"s:119:15:119:Infinity":33,"s:121:4:132:Infinity":34,"s:122:17:122:Infinity":35,"s:123:20:123:Infinity":36,"s:124:6:131:Infinity":37,"s:134:4:134:Infinity":38,"f:137:10:137:34":10,"s:138:15:138:Infinity":39,"s:140:4:151:Infinity":40,"s:141:17:141:Infinity":41,"s:142:20:142:Infinity":42,"s:143:6:150:Infinity":43,"s:153:4:153:Infinity":44,"f:156:10:156:32":11,"s:157:15:157:Infinity":45,"s:159:4:170:Infinity":46,"b:159:11:159:45:159:45:159:97":7,"s:160:17:160:Infinity":47,"s:161:20:161:Infinity":48,"s:162:6:169:Infinity":49,"s:172:4:172:Infinity":50,"f:175:10:175:34":12,"s:176:15:176:Infinity":51,"s:178:4:189:Infinity":52,"b:178:11:178:45:178:45:178:107":8,"s:179:17:179:Infinity":53,"s:180:20:180:Infinity":54,"s:181:6:188:Infinity":55,"s:191:4:191:Infinity":56,"f:194:10:194:32":13,"s:195:15:195:Infinity":57,"s:197:4:208:Infinity":58,"b:197:11:197:45:197:45:197:95":9,"s:198:17:198:Infinity":59,"s:199:20:199:Infinity":60,"s:200:6:207:Infinity":61,"s:210:4:210:Infinity":62,"f:213:10:213:38":14,"s:214:15:214:Infinity":63,"s:216:4:227:Infinity":64,"b:216:11:216:45:216:45:216:100":10,"s:217:17:217:Infinity":65,"s:218:20:218:Infinity":66,"s:219:6:226:Infinity":67,"s:229:4:229:Infinity":68,"f:232:10:232:38":15,"s:233:15:233:Infinity":69,"s:235:4:246:Infinity":70,"s:236:17:236:Infinity":71,"s:237:20:237:Infinity":72,"s:238:6:245:Infinity":73,"s:248:4:248:Infinity":74,"f:251:10:251:29":16,"b:252:4:262:Infinity:undefined:undefined:undefined:undefined":11,"s:252:4:262:Infinity":75,"s:253:17:253:Infinity":76,"s:254:18:254:Infinity":77,"s:255:6:261:Infinity":78,"s:264:4:264:Infinity":79,"f:267:10:267:31":17,"s:268:18:268:Infinity":80,"b:270:4:279:Infinity:undefined:undefined:undefined:undefined":12,"s:270:4:279:Infinity":81,"b:270:8:270:44:270:44:270:78:270:78:270:113:270:113:270:147":13,"s:271:6:271:Infinity":82,"s:272:6:278:Infinity":83,"b:281:4:324:Infinity:undefined:undefined:undefined:undefined":14,"s:281:4:324:Infinity":84,"s:282:19:282:Infinity":85,"s:283:6:283:Infinity":86,"b:286:6:316:Infinity:undefined:undefined:undefined:undefined":15,"s:286:6:316:Infinity":87,"b:287:8:293:Infinity:undefined:undefined:undefined:undefined":16,"s:287:8:293:Infinity":88,"s:288:10:292:Infinity":89,"s:295:8:295:Infinity":90,"s:296:29:296:Infinity":91,"b:297:8:301:Infinity:undefined:undefined:undefined:undefined":17,"s:297:8:301:Infinity":92,"s:298:10:300:Infinity":93,"s:299:12:299:Infinity":94,"b:300:19:300:61:300:61:300:Infinity":18,"s:302:29:302:Infinity":95,"s:304:8:315:Infinity":96,"s:318:6:323:Infinity":97,"b:326:4:340:Infinity:undefined:undefined:undefined:undefined":19,"s:326:4:340:Infinity":98,"s:327:25:327:Infinity":99,"s:328:19:328:Infinity":100,"s:329:23:329:Infinity":101,"s:339:6:339:Infinity":102,"s:342:4:346:Infinity":103}}}
,"/Users/songjun/Workspace/github/JexPath/src/validator/semantic.ts": {"path":"/Users/songjun/Workspace/github/JexPath/src/validator/semantic.ts","statementMap":{"0":{"start":{"line":14,"column":4},"end":{"line":31,"column":null}},"1":{"start":{"line":16,"column":8},"end":{"line":16,"column":null}},"2":{"start":{"line":17,"column":8},"end":{"line":17,"column":null}},"3":{"start":{"line":19,"column":8},"end":{"line":19,"column":null}},"4":{"start":{"line":20,"column":8},"end":{"line":20,"column":null}},"5":{"start":{"line":22,"column":8},"end":{"line":22,"column":null}},"6":{"start":{"line":23,"column":8},"end":{"line":23,"column":null}},"7":{"start":{"line":25,"column":8},"end":{"line":25,"column":null}},"8":{"start":{"line":26,"column":8},"end":{"line":26,"column":null}},"9":{"start":{"line":28,"column":8},"end":{"line":28,"column":null}},"10":{"start":{"line":29,"column":8},"end":{"line":29,"column":null}},"11":{"start":{"line":35,"column":17},"end":{"line":35,"column":null}},"12":{"start":{"line":36,"column":17},"end":{"line":36,"column":null}},"13":{"start":{"line":39,"column":4},"end":{"line":39,"column":null}},"14":{"start":{"line":39,"column":26},"end":{"line":39,"column":43}},"15":{"start":{"line":41,"column":4},"end":{"line":102,"column":null}},"16":{"start":{"line":43,"column":8},"end":{"line":49,"column":null}},"17":{"start":{"line":44,"column":10},"end":{"line":48,"column":null}},"18":{"start":{"line":52,"column":8},"end":{"line":52,"column":null}},"19":{"start":{"line":53,"column":8},"end":{"line":53,"column":null}},"20":{"start":{"line":56,"column":8},"end":{"line":62,"column":null}},"21":{"start":{"line":57,"column":10},"end":{"line":61,"column":null}},"22":{"start":{"line":63,"column":8},"end":{"line":63,"column":null}},"23":{"start":{"line":64,"column":8},"end":{"line":64,"column":null}},"24":{"start":{"line":65,"column":8},"end":{"line":65,"column":null}},"25":{"start":{"line":66,"column":8},"end":{"line":66,"column":null}},"26":{"start":{"line":69,"column":8},"end":{"line":75,"column":null}},"27":{"start":{"line":70,"column":10},"end":{"line":74,"column":null}},"28":{"start":{"line":76,"column":8},"end":{"line":76,"column":null}},"29":{"start":{"line":77,"column":8},"end":{"line":77,"column":null}},"30":{"start":{"line":80,"column":8},"end":{"line":86,"column":null}},"31":{"start":{"line":81,"column":10},"end":{"line":85,"column":null}},"32":{"start":{"line":87,"column":8},"end":{"line":89,"column":null}},"33":{"start":{"line":88,"column":10},"end":{"line":88,"column":null}},"34":{"start":{"line":90,"column":8},"end":{"line":90,"column":null}},"35":{"start":{"line":93,"column":8},"end":{"line":99,"column":null}},"36":{"start":{"line":94,"column":10},"end":{"line":98,"column":null}},"37":{"start":{"line":100,"column":8},"end":{"line":100,"column":null}},"38":{"start":{"line":101,"column":8},"end":{"line":101,"column":null}},"39":{"start":{"line":106,"column":4},"end":{"line":106,"column":null}},"40":{"start":{"line":107,"column":4},"end":{"line":107,"column":null}},"41":{"start":{"line":109,"column":15},"end":{"line":109,"column":null}},"42":{"start":{"line":112,"column":4},"end":{"line":177,"column":null}},"43":{"start":{"line":113,"column":6},"end":{"line":113,"column":null}},"44":{"start":{"line":114,"column":6},"end":{"line":114,"column":null}},"45":{"start":{"line":115,"column":4},"end":{"line":177,"column":null}},"46":{"start":{"line":120,"column":23},"end":{"line":120,"column":null}},"47":{"start":{"line":121,"column":24},"end":{"line":121,"column":null}},"48":{"start":{"line":123,"column":6},"end":{"line":156,"column":null}},"49":{"start":{"line":125,"column":26},"end":{"line":125,"column":null}},"50":{"start":{"line":126,"column":27},"end":{"line":126,"column":null}},"51":{"start":{"line":127,"column":26},"end":{"line":127,"column":null}},"52":{"start":{"line":128,"column":27},"end":{"line":128,"column":null}},"53":{"start":{"line":130,"column":8},"end":{"line":130,"column":null}},"54":{"start":{"line":130,"column":37},"end":{"line":130,"column":null}},"55":{"start":{"line":131,"column":8},"end":{"line":131,"column":null}},"56":{"start":{"line":131,"column":37},"end":{"line":131,"column":null}},"57":{"start":{"line":133,"column":8},"end":{"line":137,"column":null}},"58":{"start":{"line":138,"column":6},"end":{"line":156,"column":null}},"59":{"start":{"line":140,"column":8},"end":{"line":146,"column":null}},"60":{"start":{"line":141,"column":11},"end":{"line":145,"column":null}},"61":{"start":{"line":147,"column":6},"end":{"line":156,"column":null}},"62":{"start":{"line":149,"column":8},"end":{"line":155,"column":null}},"63":{"start":{"line":150,"column":11},"end":{"line":154,"column":null}},"64":{"start":{"line":157,"column":4},"end":{"line":177,"column":null}},"65":{"start":{"line":162,"column":24},"end":{"line":162,"column":null}},"66":{"start":{"line":163,"column":25},"end":{"line":163,"column":null}},"67":{"start":{"line":165,"column":7},"end":{"line":176,"column":null}},"68":{"start":{"line":166,"column":27},"end":{"line":166,"column":null}},"69":{"start":{"line":167,"column":28},"end":{"line":167,"column":null}},"70":{"start":{"line":169,"column":9},"end":{"line":175,"column":null}},"71":{"start":{"line":170,"column":12},"end":{"line":174,"column":null}},"72":{"start":{"line":181,"column":4},"end":{"line":181,"column":null}},"73":{"start":{"line":182,"column":4},"end":{"line":182,"column":null}},"74":{"start":{"line":185,"column":4},"end":{"line":185,"column":null}},"75":{"start":{"line":186,"column":4},"end":{"line":186,"column":null}},"76":{"start":{"line":190,"column":4},"end":{"line":190,"column":null}},"77":{"start":{"line":191,"column":4},"end":{"line":191,"column":null}},"78":{"start":{"line":192,"column":4},"end":{"line":192,"column":null}},"79":{"start":{"line":195,"column":4},"end":{"line":195,"column":null}},"80":{"start":{"line":199,"column":4},"end":{"line":199,"column":null}},"81":{"start":{"line":201,"column":4},"end":{"line":203,"column":null}},"82":{"start":{"line":202,"column":6},"end":{"line":202,"column":null}},"83":{"start":{"line":207,"column":4},"end":{"line":207,"column":null}},"84":{"start":{"line":207,"column":33},"end":{"line":207,"column":null}},"85":{"start":{"line":209,"column":20},"end":{"line":209,"column":null}},"86":{"start":{"line":211,"column":15},"end":{"line":211,"column":null}},"87":{"start":{"line":212,"column":4},"end":{"line":225,"column":null}},"88":{"start":{"line":220,"column":7},"end":{"line":220,"column":null}},"89":{"start":{"line":221,"column":4},"end":{"line":225,"column":null}},"90":{"start":{"line":222,"column":6},"end":{"line":222,"column":null}},"91":{"start":{"line":223,"column":4},"end":{"line":225,"column":null}},"92":{"start":{"line":224,"column":6},"end":{"line":224,"column":null}},"93":{"start":{"line":228,"column":26},"end":{"line":228,"column":null}},"94":{"start":{"line":228,"column":48},"end":{"line":228,"column":68}},"95":{"start":{"line":229,"column":24},"end":{"line":229,"column":null}},"96":{"start":{"line":231,"column":4},"end":{"line":237,"column":null}},"97":{"start":{"line":232,"column":6},"end":{"line":236,"column":null}},"98":{"start":{"line":241,"column":4},"end":{"line":241,"column":null}},"99":{"start":{"line":241,"column":33},"end":{"line":241,"column":null}},"100":{"start":{"line":242,"column":17},"end":{"line":242,"column":null}},"101":{"start":{"line":243,"column":4},"end":{"line":243,"column":null}},"102":{"start":{"line":243,"column":33},"end":{"line":243,"column":null}},"103":{"start":{"line":244,"column":4},"end":{"line":244,"column":null}},"104":{"start":{"line":244,"column":33},"end":{"line":244,"column":null}},"105":{"start":{"line":245,"column":4},"end":{"line":245,"column":null}},"106":{"start":{"line":245,"column":34},"end":{"line":245,"column":null}},"107":{"start":{"line":246,"column":4},"end":{"line":246,"column":null}},"108":{"start":{"line":250,"column":4},"end":{"line":250,"column":null}},"109":{"start":{"line":250,"column":48},"end":{"line":250,"column":null}},"110":{"start":{"line":251,"column":4},"end":{"line":251,"column":null}}},"fnMap":{"0":{"name":"(anonymous_0)","decl":{"start":{"line":13,"column":2},"end":{"line":13,"column":10}},"loc":{"start":{"line":13,"column":28},"end":{"line":32,"column":null}},"line":13},"1":{"name":"(anonymous_1)","decl":{"start":{"line":34,"column":10},"end":{"line":34,"column":30}},"loc":{"start":{"line":34,"column":52},"end":{"line":103,"column":null}},"line":34},"2":{"name":"(anonymous_2)","decl":{"start":{"line":39,"column":17},"end":{"line":39,"column":18}},"loc":{"start":{"line":39,"column":26},"end":{"line":39,"column":43}},"line":39},"3":{"name":"(anonymous_3)","decl":{"start":{"line":105,"column":10},"end":{"line":105,"column":32}},"loc":{"start":{"line":105,"column":56},"end":{"line":178,"column":null}},"line":105},"4":{"name":"(anonymous_4)","decl":{"start":{"line":180,"column":10},"end":{"line":180,"column":33}},"loc":{"start":{"line":180,"column":58},"end":{"line":187,"column":null}},"line":180},"5":{"name":"(anonymous_5)","decl":{"start":{"line":189,"column":10},"end":{"line":189,"column":37}},"loc":{"start":{"line":189,"column":66},"end":{"line":196,"column":null}},"line":189},"6":{"name":"(anonymous_6)","decl":{"start":{"line":198,"column":10},"end":{"line":198,"column":31}},"loc":{"start":{"line":198,"column":54},"end":{"line":204,"column":null}},"line":198},"7":{"name":"(anonymous_7)","decl":{"start":{"line":206,"column":10},"end":{"line":206,"column":28}},"loc":{"start":{"line":206,"column":81},"end":{"line":238,"column":null}},"line":206},"8":{"name":"(anonymous_8)","decl":{"start":{"line":228,"column":43},"end":{"line":228,"column":48}},"loc":{"start":{"line":228,"column":48},"end":{"line":228,"column":68}},"line":228},"9":{"name":"(anonymous_9)","decl":{"start":{"line":240,"column":10},"end":{"line":240,"column":25}},"loc":{"start":{"line":240,"column":52},"end":{"line":247,"column":null}},"line":240},"10":{"name":"(anonymous_10)","decl":{"start":{"line":249,"column":10},"end":{"line":249,"column":23}},"loc":{"start":{"line":249,"column":45},"end":{"line":252,"column":null}},"line":249}},"branchMap":{"0":{"loc":{"start":{"line":14,"column":4},"end":{"line":31,"column":null}},"type":"switch","locations":[{"start":{"line":15,"column":6},"end":{"line":17,"column":null}},{"start":{"line":18,"column":6},"end":{"line":20,"column":null}},{"start":{"line":21,"column":6},"end":{"line":23,"column":null}},{"start":{"line":24,"column":6},"end":{"line":26,"column":null}},{"start":{"line":27,"column":6},"end":{"line":29,"column":null}}],"line":14},"1":{"loc":{"start":{"line":41,"column":4},"end":{"line":102,"column":null}},"type":"switch","locations":[{"start":{"line":42,"column":6},"end":{"line":53,"column":null}},{"start":{"line":55,"column":6},"end":{"line":66,"column":null}},{"start":{"line":68,"column":6},"end":{"line":77,"column":null}},{"start":{"line":79,"column":6},"end":{"line":90,"column":null}},{"start":{"line":92,"column":6},"end":{"line":101,"column":null}}],"line":41},"2":{"loc":{"start":{"line":43,"column":8},"end":{"line":49,"column":null}},"type":"if","locations":[{"start":{"line":43,"column":8},"end":{"line":49,"column":null}},{"start":{},"end":{}}],"line":43},"3":{"loc":{"start":{"line":56,"column":8},"end":{"line":62,"column":null}},"type":"if","locations":[{"start":{"line":56,"column":8},"end":{"line":62,"column":null}},{"start":{},"end":{}}],"line":56},"4":{"loc":{"start":{"line":69,"column":8},"end":{"line":75,"column":null}},"type":"if","locations":[{"start":{"line":69,"column":8},"end":{"line":75,"column":null}},{"start":{},"end":{}}],"line":69},"5":{"loc":{"start":{"line":80,"column":8},"end":{"line":86,"column":null}},"type":"if","locations":[{"start":{"line":80,"column":8},"end":{"line":86,"column":null}},{"start":{},"end":{}}],"line":80},"6":{"loc":{"start":{"line":87,"column":8},"end":{"line":89,"column":null}},"type":"if","locations":[{"start":{"line":87,"column":8},"end":{"line":89,"column":null}},{"start":{},"end":{}}],"line":87},"7":{"loc":{"start":{"line":93,"column":8},"end":{"line":99,"column":null}},"type":"if","locations":[{"start":{"line":93,"column":8},"end":{"line":99,"column":null}},{"start":{},"end":{}}],"line":93},"8":{"loc":{"start":{"line":112,"column":4},"end":{"line":177,"column":null}},"type":"if","locations":[{"start":{"line":112,"column":4},"end":{"line":177,"column":null}},{"start":{"line":115,"column":4},"end":{"line":177,"column":null}}],"line":112},"9":{"loc":{"start":{"line":115,"column":4},"end":{"line":177,"column":null}},"type":"if","locations":[{"start":{"line":115,"column":4},"end":{"line":177,"column":null}},{"start":{"line":157,"column":4},"end":{"line":177,"column":null}}],"line":115},"10":{"loc":{"start":{"line":123,"column":6},"end":{"line":156,"column":null}},"type":"if","locations":[{"start":{"line":123,"column":6},"end":{"line":156,"column":null}},{"start":{"line":138,"column":6},"end":{"line":156,"column":null}}],"line":123},"11":{"loc":{"start":{"line":123,"column":10},"end":{"line":123,"column":33}},"type":"binary-expr","locations":[{"start":{"line":123,"column":10},"end":{"line":123,"column":22}},{"start":{"line":123,"column":22},"end":{"line":123,"column":33}}],"line":123},"12":{"loc":{"start":{"line":125,"column":26},"end":{"line":125,"column":null}},"type":"binary-expr","locations":[{"start":{"line":125,"column":26},"end":{"line":125,"column":52}},{"start":{"line":125,"column":52},"end":{"line":125,"column":null}}],"line":125},"13":{"loc":{"start":{"line":126,"column":27},"end":{"line":126,"column":null}},"type":"binary-expr","locations":[{"start":{"line":126,"column":27},"end":{"line":126,"column":54}},{"start":{"line":126,"column":54},"end":{"line":126,"column":null}}],"line":126},"14":{"loc":{"start":{"line":130,"column":8},"end":{"line":130,"column":null}},"type":"if","locations":[{"start":{"line":130,"column":8},"end":{"line":130,"column":null}},{"start":{},"end":{}}],"line":130},"15":{"loc":{"start":{"line":130,"column":12},"end":{"line":130,"column":37}},"type":"binary-expr","locations":[{"start":{"line":130,"column":12},"end":{"line":130,"column":25}},{"start":{"line":130,"column":25},"end":{"line":130,"column":37}}],"line":130},"16":{"loc":{"start":{"line":131,"column":8},"end":{"line":131,"column":null}},"type":"if","locations":[{"start":{"line":131,"column":8},"end":{"line":131,"column":null}},{"start":{},"end":{}}],"line":131},"17":{"loc":{"start":{"line":131,"column":12},"end":{"line":131,"column":37}},"type":"binary-expr","locations":[{"start":{"line":131,"column":12},"end":{"line":131,"column":25}},{"start":{"line":131,"column":25},"end":{"line":131,"column":37}}],"line":131},"18":{"loc":{"start":{"line":138,"column":6},"end":{"line":156,"column":null}},"type":"if","locations":[{"start":{"line":138,"column":6},"end":{"line":156,"column":null}},{"start":{"line":147,"column":6},"end":{"line":156,"column":null}}],"line":138},"19":{"loc":{"start":{"line":140,"column":8},"end":{"line":146,"column":null}},"type":"if","locations":[{"start":{"line":140,"column":8},"end":{"line":146,"column":null}},{"start":{},"end":{}}],"line":140},"20":{"loc":{"start":{"line":147,"column":6},"end":{"line":156,"column":null}},"type":"if","locations":[{"start":{"line":147,"column":6},"end":{"line":156,"column":null}},{"start":{},"end":{}}],"line":147},"21":{"loc":{"start":{"line":149,"column":8},"end":{"line":155,"column":null}},"type":"if","locations":[{"start":{"line":149,"column":8},"end":{"line":155,"column":null}},{"start":{},"end":{}}],"line":149},"22":{"loc":{"start":{"line":157,"column":4},"end":{"line":177,"column":null}},"type":"if","locations":[{"start":{"line":157,"column":4},"end":{"line":177,"column":null}},{"start":{},"end":{}}],"line":157},"23":{"loc":{"start":{"line":165,"column":7},"end":{"line":176,"column":null}},"type":"if","locations":[{"start":{"line":165,"column":7},"end":{"line":176,"column":null}},{"start":{},"end":{}}],"line":165},"24":{"loc":{"start":{"line":165,"column":11},"end":{"line":165,"column":34}},"type":"binary-expr","locations":[{"start":{"line":165,"column":11},"end":{"line":165,"column":23}},{"start":{"line":165,"column":23},"end":{"line":165,"column":34}}],"line":165},"25":{"loc":{"start":{"line":169,"column":9},"end":{"line":175,"column":null}},"type":"if","locations":[{"start":{"line":169,"column":9},"end":{"line":175,"column":null}},{"start":{},"end":{}}],"line":169},"26":{"loc":{"start":{"line":201,"column":4},"end":{"line":203,"column":null}},"type":"if","locations":[{"start":{"line":201,"column":4},"end":{"line":203,"column":null}},{"start":{},"end":{}}],"line":201},"27":{"loc":{"start":{"line":207,"column":4},"end":{"line":207,"column":null}},"type":"if","locations":[{"start":{"line":207,"column":4},"end":{"line":207,"column":null}},{"start":{},"end":{}}],"line":207},"28":{"loc":{"start":{"line":212,"column":4},"end":{"line":225,"column":null}},"type":"if","locations":[{"start":{"line":212,"column":4},"end":{"line":225,"column":null}},{"start":{"line":221,"column":4},"end":{"line":225,"column":null}}],"line":212},"29":{"loc":{"start":{"line":220,"column":14},"end":{"line":220,"column":null}},"type":"cond-expr","locations":[{"start":{"line":220,"column":48},"end":{"line":220,"column":60}},{"start":{"line":220,"column":60},"end":{"line":220,"column":null}}],"line":220},"30":{"loc":{"start":{"line":221,"column":4},"end":{"line":225,"column":null}},"type":"if","locations":[{"start":{"line":221,"column":4},"end":{"line":225,"column":null}},{"start":{"line":223,"column":4},"end":{"line":225,"column":null}}],"line":221},"31":{"loc":{"start":{"line":223,"column":4},"end":{"line":225,"column":null}},"type":"if","locations":[{"start":{"line":223,"column":4},"end":{"line":225,"column":null}},{"start":{},"end":{}}],"line":223},"32":{"loc":{"start":{"line":231,"column":4},"end":{"line":237,"column":null}},"type":"if","locations":[{"start":{"line":231,"column":4},"end":{"line":237,"column":null}},{"start":{},"end":{}}],"line":231},"33":{"loc":{"start":{"line":241,"column":4},"end":{"line":241,"column":null}},"type":"if","locations":[{"start":{"line":241,"column":4},"end":{"line":241,"column":null}},{"start":{},"end":{}}],"line":241},"34":{"loc":{"start":{"line":243,"column":4},"end":{"line":243,"column":null}},"type":"if","locations":[{"start":{"line":243,"column":4},"end":{"line":243,"column":null}},{"start":{},"end":{}}],"line":243},"35":{"loc":{"start":{"line":243,"column":40},"end":{"line":243,"column":null}},"type":"cond-expr","locations":[{"start":{"line":243,"column":64},"end":{"line":243,"column":76}},{"start":{"line":243,"column":76},"end":{"line":243,"column":null}}],"line":243},"36":{"loc":{"start":{"line":244,"column":4},"end":{"line":244,"column":null}},"type":"if","locations":[{"start":{"line":244,"column":4},"end":{"line":244,"column":null}},{"start":{},"end":{}}],"line":244},"37":{"loc":{"start":{"line":245,"column":4},"end":{"line":245,"column":null}},"type":"if","locations":[{"start":{"line":245,"column":4},"end":{"line":245,"column":null}},{"start":{},"end":{}}],"line":245},"38":{"loc":{"start":{"line":250,"column":4},"end":{"line":250,"column":null}},"type":"if","locations":[{"start":{"line":250,"column":4},"end":{"line":250,"column":null}},{"start":{},"end":{}}],"line":250},"39":{"loc":{"start":{"line":250,"column":8},"end":{"line":250,"column":48}},"type":"binary-expr","locations":[{"start":{"line":250,"column":8},"end":{"line":250,"column":30}},{"start":{"line":250,"column":30},"end":{"line":250,"column":48}}],"line":250}},"s":{"0":678,"1":17,"2":17,"3":130,"4":130,"5":5,"6":5,"7":107,"8":107,"9":3,"10":3,"11":17,"12":17,"13":17,"14":19,"15":17,"16":4,"17":1,"18":3,"19":3,"20":3,"21":1,"22":2,"23":2,"24":2,"25":2,"26":3,"27":1,"28":2,"29":2,"30":4,"31":1,"32":3,"33":2,"34":2,"35":3,"36":1,"37":2,"38":2,"39":130,"40":130,"41":130,"42":130,"43":117,"44":117,"45":13,"46":8,"47":8,"48":8,"49":6,"50":6,"51":6,"52":6,"53":6,"54":4,"55":2,"56":0,"57":2,"58":2,"59":1,"60":1,"61":1,"62":1,"63":1,"64":5,"65":5,"66":5,"67":5,"68":5,"69":5,"70":5,"71":1,"72":5,"73":5,"74":5,"75":5,"76":107,"77":107,"78":107,"79":107,"80":3,"81":3,"82":3,"83":364,"84":105,"85":259,"86":259,"87":259,"88":136,"89":123,"90":9,"91":114,"92":114,"93":259,"94":389,"95":259,"96":259,"97":12,"98":26,"99":2,"100":24,"101":24,"102":14,"103":10,"104":6,"105":4,"106":4,"107":0,"108":658,"109":401,"110":257},"f":{"0":678,"1":17,"2":19,"3":130,"4":5,"5":107,"6":3,"7":364,"8":389,"9":26,"10":658},"b":{"0":[17,130,5,107,3],"1":[4,3,3,4,3],"2":[1,3],"3":[1,2],"4":[1,2],"5":[1,3],"6":[2,1],"7":[1,2],"8":[117,13],"9":[8,5],"10":[6,2],"11":[8,7],"12":[6,1],"13":[6,2],"14":[4,2],"15":[6,5],"16":[0,2],"17":[2,0],"18":[1,1],"19":[1,0],"20":[1,0],"21":[1,0],"22":[5,0],"23":[5,0],"24":[5,5],"25":[1,4],"26":[3,0],"27":[105,259],"28":[136,123],"29":[136,0],"30":[9,114],"31":[114,0],"32":[12,247],"33":[2,24],"34":[14,10],"35":[14,0],"36":[6,4],"37":[4,0],"38":[401,257],"39":[658,387]},"meta":{"lastBranch":40,"lastFunction":11,"lastStatement":111,"seen":{"f:13:2:13:10":0,"b:15:6:17:Infinity:18:6:20:Infinity:21:6:23:Infinity:24:6:26:Infinity:27:6:29:Infinity":0,"s:14:4:31:Infinity":0,"s:16:8:16:Infinity":1,"s:17:8:17:Infinity":2,"s:19:8:19:Infinity":3,"s:20:8:20:Infinity":4,"s:22:8:22:Infinity":5,"s:23:8:23:Infinity":6,"s:25:8:25:Infinity":7,"s:26:8:26:Infinity":8,"s:28:8:28:Infinity":9,"s:29:8:29:Infinity":10,"f:34:10:34:30":1,"s:35:17:35:Infinity":11,"s:36:17:36:Infinity":12,"s:39:4:39:Infinity":13,"f:39:17:39:18":2,"s:39:26:39:43":14,"b:42:6:53:Infinity:55:6:66:Infinity:68:6:77:Infinity:79:6:90:Infinity:92:6:101:Infinity":1,"s:41:4:102:Infinity":15,"b:43:8:49:Infinity:undefined:undefined:undefined:undefined":2,"s:43:8:49:Infinity":16,"s:44:10:48:Infinity":17,"s:52:8:52:Infinity":18,"s:53:8:53:Infinity":19,"b:56:8:62:Infinity:undefined:undefined:undefined:undefined":3,"s:56:8:62:Infinity":20,"s:57:10:61:Infinity":21,"s:63:8:63:Infinity":22,"s:64:8:64:Infinity":23,"s:65:8:65:Infinity":24,"s:66:8:66:Infinity":25,"b:69:8:75:Infinity:undefined:undefined:undefined:undefined":4,"s:69:8:75:Infinity":26,"s:70:10:74:Infinity":27,"s:76:8:76:Infinity":28,"s:77:8:77:Infinity":29,"b:80:8:86:Infinity:undefined:undefined:undefined:undefined":5,"s:80:8:86:Infinity":30,"s:81:10:85:Infinity":31,"b:87:8:89:Infinity:undefined:undefined:undefined:undefined":6,"s:87:8:89:Infinity":32,"s:88:10:88:Infinity":33,"s:90:8:90:Infinity":34,"b:93:8:99:Infinity:undefined:undefined:undefined:undefined":7,"s:93:8:99:Infinity":35,"s:94:10:98:Infinity":36,"s:100:8:100:Infinity":37,"s:101:8:101:Infinity":38,"f:105:10:105:32":3,"s:106:4:106:Infinity":39,"s:107:4:107:Infinity":40,"s:109:15:109:Infinity":41,"b:112:4:177:Infinity:115:4:177:Infinity":8,"s:112:4:177:Infinity":42,"s:113:6:113:Infinity":43,"s:114:6:114:Infinity":44,"b:115:4:177:Infinity:157:4:177:Infinity":9,"s:115:4:177:Infinity":45,"s:120:23:120:Infinity":46,"s:121:24:121:Infinity":47,"b:123:6:156:Infinity:138:6:156:Infinity":10,"s:123:6:156:Infinity":48,"b:123:10:123:22:123:22:123:33":11,"s:125:26:125:Infinity":49,"b:125:26:125:52:125:52:125:Infinity":12,"s:126:27:126:Infinity":50,"b:126:27:126:54:126:54:126:Infinity":13,"s:127:26:127:Infinity":51,"s:128:27:128:Infinity":52,"b:130:8:130:Infinity:undefined:undefined:undefined:undefined":14,"s:130:8:130:Infinity":53,"b:130:12:130:25:130:25:130:37":15,"s:130:37:130:Infinity":54,"b:131:8:131:Infinity:undefined:undefined:undefined:undefined":16,"s:131:8:131:Infinity":55,"b:131:12:131:25:131:25:131:37":17,"s:131:37:131:Infinity":56,"s:133:8:137:Infinity":57,"b:138:6:156:Infinity:147:6:156:Infinity":18,"s:138:6:156:Infinity":58,"b:140:8:146:Infinity:undefined:undefined:undefined:undefined":19,"s:140:8:146:Infinity":59,"s:141:11:145:Infinity":60,"b:147:6:156:Infinity:undefined:undefined:undefined:undefined":20,"s:147:6:156:Infinity":61,"b:149:8:155:Infinity:undefined:undefined:undefined:undefined":21,"s:149:8:155:Infinity":62,"s:150:11:154:Infinity":63,"b:157:4:177:Infinity:undefined:undefined:undefined:undefined":22,"s:157:4:177:Infinity":64,"s:162:24:162:Infinity":65,"s:163:25:163:Infinity":66,"b:165:7:176:Infinity:undefined:undefined:undefined:undefined":23,"s:165:7:176:Infinity":67,"b:165:11:165:23:165:23:165:34":24,"s:166:27:166:Infinity":68,"s:167:28:167:Infinity":69,"b:169:9:175:Infinity:undefined:undefined:undefined:undefined":25,"s:169:9:175:Infinity":70,"s:170:12:174:Infinity":71,"f:180:10:180:33":4,"s:181:4:181:Infinity":72,"s:182:4:182:Infinity":73,"s:185:4:185:Infinity":74,"s:186:4:186:Infinity":75,"f:189:10:189:37":5,"s:190:4:190:Infinity":76,"s:191:4:191:Infinity":77,"s:192:4:192:Infinity":78,"s:195:4:195:Infinity":79,"f:198:10:198:31":6,"s:199:4:199:Infinity":80,"b:201:4:203:Infinity:undefined:undefined:undefined:undefined":26,"s:201:4:203:Infinity":81,"s:202:6:202:Infinity":82,"f:206:10:206:28":7,"b:207:4:207:Infinity:undefined:undefined:undefined:undefined":27,"s:207:4:207:Infinity":83,"s:207:33:207:Infinity":84,"s:209:20:209:Infinity":85,"s:211:15:211:Infinity":86,"b:212:4:225:Infinity:221:4:225:Infinity":28,"s:212:4:225:Infinity":87,"s:220:7:220:Infinity":88,"b:220:48:220:60:220:60:220:Infinity":29,"b:221:4:225:Infinity:223:4:225:Infinity":30,"s:221:4:225:Infinity":89,"s:222:6:222:Infinity":90,"b:223:4:225:Infinity:undefined:undefined:undefined:undefined":31,"s:223:4:225:Infinity":91,"s:224:6:224:Infinity":92,"s:228:26:228:Infinity":93,"f:228:43:228:48":8,"s:228:48:228:68":94,"s:229:24:229:Infinity":95,"b:231:4:237:Infinity:undefined:undefined:undefined:undefined":32,"s:231:4:237:Infinity":96,"s:232:6:236:Infinity":97,"f:240:10:240:25":9,"b:241:4:241:Infinity:undefined:undefined:undefined:undefined":33,"s:241:4:241:Infinity":98,"s:241:33:241:Infinity":99,"s:242:17:242:Infinity":100,"b:243:4:243:Infinity:undefined:undefined:undefined:undefined":34,"s:243:4:243:Infinity":101,"s:243:33:243:Infinity":102,"b:243:64:243:76:243:76:243:Infinity":35,"b:244:4:244:Infinity:undefined:undefined:undefined:undefined":36,"s:244:4:244:Infinity":103,"s:244:33:244:Infinity":104,"b:245:4:245:Infinity:undefined:undefined:undefined:undefined":37,"s:245:4:245:Infinity":105,"s:245:34:245:Infinity":106,"s:246:4:246:Infinity":107,"f:249:10:249:23":10,"b:250:4:250:Infinity:undefined:undefined:undefined:undefined":38,"s:250:4:250:Infinity":108,"b:250:8:250:30:250:30:250:48":39,"s:250:48:250:Infinity":109,"s:251:4:251:Infinity":110}}}
,"/Users/songjun/Workspace/github/JexPath/src/validator/types.ts": {"path":"/Users/songjun/Workspace/github/JexPath/src/validator/types.ts","statementMap":{"0":{"start":{"line":1,"column":7},"end":{"line":1,"column":null}},"1":{"start":{"line":2,"column":2},"end":{"line":2,"column":null}},"2":{"start":{"line":3,"column":2},"end":{"line":3,"column":null}},"3":{"start":{"line":4,"column":2},"end":{"line":4,"column":null}},"4":{"start":{"line":5,"column":2},"end":{"line":5,"column":null}},"5":{"start":{"line":6,"column":2},"end":{"line":6,"column":null}},"6":{"start":{"line":7,"column":2},"end":{"line":7,"column":null}},"7":{"start":{"line":8,"column":2},"end":{"line":8,"column":null}},"8":{"start":{"line":9,"column":2},"end":{"line":9,"column":null}},"9":{"start":{"line":1,"column":12},"end":{"line":1,"column":null}},"10":{"start":{"line":87,"column":4},"end":{"line":87,"column":null}},"11":{"start":{"line":83,"column":11},"end":{"line":83,"column":null}},"12":{"start":{"line":84,"column":11},"end":{"line":84,"column":null}},"13":{"start":{"line":85,"column":11},"end":{"line":85,"column":null}},"14":{"start":{"line":88,"column":4},"end":{"line":88,"column":null}}},"fnMap":{"0":{"name":"(anonymous_0)","decl":{"start":{"line":1,"column":7},"end":{"line":1,"column":12}},"loc":{"start":{"line":1,"column":7},"end":{"line":1,"column":null}},"line":1},"1":{"name":"(anonymous_1)","decl":{"start":{"line":81,"column":2},"end":{"line":81,"column":null}},"loc":{"start":{"line":86,"column":4},"end":{"line":89,"column":null}},"line":86}},"branchMap":{"0":{"loc":{"start":{"line":1,"column":12},"end":{"line":1,"column":null}},"type":"binary-expr","locations":[{"start":{"line":1,"column":12},"end":{"line":1,"column":null}},{"start":{"line":1,"column":12},"end":{"line":1,"column":null}}],"line":1}},"s":{"0":1,"1":1,"2":1,"3":1,"4":1,"5":1,"6":1,"7":1,"8":1,"9":1,"10":33,"11":33,"12":33,"13":33,"14":33},"f":{"0":1,"1":33},"b":{"0":[1,1]},"meta":{"lastBranch":1,"lastFunction":2,"lastStatement":15,"seen":{"s:1:7:1:Infinity":0,"f:1:7:1:12":0,"s:2:2:2:Infinity":1,"s:3:2:3:Infinity":2,"s:4:2:4:Infinity":3,"s:5:2:5:Infinity":4,"s:6:2:6:Infinity":5,"s:7:2:7:Infinity":6,"s:8:2:8:Infinity":7,"s:9:2:9:Infinity":8,"s:1:12:1:Infinity":9,"b:1:12:1:Infinity:1:12:1:Infinity":0,"f:81:2:81:Infinity":1,"s:87:4:87:Infinity":10,"s:83:11:83:Infinity":11,"s:84:11:84:Infinity":12,"s:85:11:85:Infinity":13,"s:88:4:88:Infinity":14}}}
}
